Starting OrangeFox Recovery R11.3_4 [Stable, core: R11.3] (built on Sun Dec  7 06:36:52 2025 for dm2q [dev_ver: 2023-09-04 (10846eac)]; pid 705)
I:=> product model: 'SM-S916B'
I:=> using device id: 'SM-S916B'
TW_NO_REBOOT_BOOTLOADER := true
RECOVERY_SDCARD_ON_DATA := true
TW_NO_USB_STORAGE := true
TW_HAS_DOWNLOAD_MODE := true
TW_INCLUDE_FASTBOOTD := true
PRODUCT_USE_DYNAMIC_PARTITIONS := true
I:TW_BRIGHTNESS_PATH := /sys/class/backlight/panel0-backlight/brightness
I:Found brightness file at '/sys/class/backlight/panel0-backlight/brightness'
I:TWFunc::Set_Brightness: Setting brightness control to 215
I:TW_EXCLUDE_ENCRYPTED_BACKUPS := true
I:LANG: en
I:TW_NO_LEGACY_PROPS := true
boot command: boot-recovery
I:Startup Commands: 
=> Linking mtab
=> Processing /etc/recovery.fstab
I:Reading /etc/twrp.flags
I:Reading /etc/recovery.fstab
I:Processing '/system'
I:/system file system: erofs
I:Created '/system_root' folder.
I:Unhandled flag: 'first_stage_mount'
I:Trying to prepare system from super partition
I:Symlinking /dev/block/dm-0 => /dev/block/bootdevice/by-name/system 
I:Symlinking /dev/block/dm-0 => /dev/block/by-name/system 
I:Found an additional entry for '/system'
I:Processing '/system'
I:/system file system: f2fs
I:Found an additional entry for '/system'
I:Processing '/system'
I:/system file system: ext4
I:Processing '/system_ext'
I:/system_ext file system: erofs
I:Unhandled flag: 'first_stage_mount'
I:Trying to prepare system_ext from super partition
I:Symlinking /dev/block/dm-3 => /dev/block/bootdevice/by-name/system_ext 
I:Symlinking /dev/block/dm-3 => /dev/block/by-name/system_ext 
I:Found an additional entry for '/system_ext'
I:Processing '/system_ext'
I:/system_ext file system: f2fs
I:Found an additional entry for '/system_ext'
I:Processing '/system_ext'
I:/system_ext file system: ext4
I:Processing '/system_dlkm'
I:/system_dlkm file system: erofs
I:Created '/system_dlkm' folder.
I:Unhandled flag: 'first_stage_mount'
I:Trying to prepare system_dlkm from super partition
I:Symlinking /dev/block/dm-6 => /dev/block/bootdevice/by-name/system_dlkm 
I:Symlinking /dev/block/dm-6 => /dev/block/by-name/system_dlkm 
I:Found an additional entry for '/system_dlkm'
I:Processing '/system_dlkm'
I:/system_dlkm file system: f2fs
I:Found an additional entry for '/system_dlkm'
I:Processing '/system_dlkm'
I:/system_dlkm file system: ext4
I:Processing '/vendor'
I:/vendor file system: erofs
I:Unhandled flag: 'first_stage_mount'
I:Trying to prepare vendor from super partition
I:Symlinking /dev/block/dm-1 => /dev/block/bootdevice/by-name/vendor 
I:Symlinking /dev/block/dm-1 => /dev/block/by-name/vendor 
I:Found an additional entry for '/vendor'
I:Processing '/vendor'
I:/vendor file system: f2fs
I:Found an additional entry for '/vendor'
I:Processing '/vendor'
I:/vendor file system: ext4
I:Processing '/vendor_dlkm'
I:/vendor_dlkm file system: erofs
I:Unhandled flag: 'first_stage_mount'
I:Trying to prepare vendor_dlkm from super partition
I:Symlinking /dev/block/dm-5 => /dev/block/bootdevice/by-name/vendor_dlkm 
I:Symlinking /dev/block/dm-5 => /dev/block/by-name/vendor_dlkm 
I:Found an additional entry for '/vendor_dlkm'
I:Processing '/vendor_dlkm'
I:/vendor_dlkm file system: f2fs
I:Found an additional entry for '/vendor_dlkm'
I:Processing '/vendor_dlkm'
I:/vendor_dlkm file system: ext4
I:Processing '/product'
I:/product file system: erofs
I:Unhandled flag: 'first_stage_mount'
I:Trying to prepare product from super partition
I:Symlinking /dev/block/dm-2 => /dev/block/bootdevice/by-name/product 
I:Symlinking /dev/block/dm-2 => /dev/block/by-name/product 
I:Found an additional entry for '/product'
I:Processing '/product'
I:/product file system: f2fs
I:Found an additional entry for '/product'
I:Processing '/product'
I:/product file system: ext4
I:Processing '/odm'
I:/odm file system: erofs
I:Unhandled flag: 'first_stage_mount'
I:Trying to prepare odm from super partition
I:Symlinking /dev/block/dm-4 => /dev/block/bootdevice/by-name/odm 
I:Symlinking /dev/block/dm-4 => /dev/block/by-name/odm 
I:Found an additional entry for '/odm'
I:Processing '/odm'
I:/odm file system: f2fs
I:Found an additional entry for '/odm'
I:Processing '/odm'
I:/odm file system: ext4
I:Processing '/metadata'
I:/metadata file system: ext4
I:Unhandled flag: 'first_stage_mount'
I:Processing '/data'
I:/data file system: f2fs
I:Unhandled flag: 'latemount'
I:Unhandled flag: 'reservedsize=128M'
I:Unhandled flag: 'sysfs_path=/sys/devices/platform/soc/1d84000.ufshc'
I:Unhandled flag: 'checkpoint=fs'
I:Ignoring the 'fscompress' fstab flag
I:FBE contents 'aes-256-xts', filenames 'aes-256-cts:v2+inlinecrypt_optimized+wrappedkey_v0'
I:Metadata contents 'aes-256-xts', filenames 'wrappedkey_v0'
I:setting Key_Directory to: /metadata/vold/metadata_encryption
I:Processing '/misc'
I:/misc file system: emmc
I:Unhandled flag: 'first_stage_mount'
I:Processing remaining twrp.flags
I:Processing '/boot'
I:/boot file system: emmc
I:Processing '/cache'
I:/cache file system: ext4
I:Created '/cache' folder.
I:Processing '/dsp'
I:/dsp file system: emmc
I:Processing '/dtbo'
I:/dtbo file system: emmc
I:Processing '/efs'
I:/efs file system: ext4
I:Processing '/efuse'
I:/efuse file system: emmc
I:Processing '/firmware'
I:/firmware file system: emmc
I:Unhandled fstab information '#' in fstab line '/firmware		emmc		/dev/block/bootdevice/by-name/apnhlos			flags=backup=1;display="Firmware" # modem
'
I:Unhandled fstab information 'modem' in fstab line '/firmware		emmc		/dev/block/bootdevice/by-name/apnhlos			flags=backup=1;display="Firmware" # modem
'
I:Processing '/imagefv'
I:/imagefv file system: emmc
I:Processing '/init_boot'
I:/init_boot file system: emmc
I:Processing '/modem'
I:/modem file system: emmc
I:Unhandled fstab information '#' in fstab line '/modem			emmc		/dev/block/bootdevice/by-name/modem		    	flags=backup=1;display="Modem" # mdm
'
I:Unhandled fstab information 'mdm' in fstab line '/modem			emmc		/dev/block/bootdevice/by-name/modem		    	flags=backup=1;display="Modem" # mdm
'
I:Processing '/odm_image'
I:/odm_image file system: emmc
I:Processing '/omr'
I:/omr file system: ext4
I:Processing '/omr_image'
I:/omr_image file system: emmc
I:Processing '/optics'
I:/optics file system: ext4
I:Processing '/optics_image'
I:/optics_image file system: emmc
I:Processing '/persist'
I:/persist file system: ext4
I:Created '/persist' folder.
I:TWFunc::Fixup_Time: Pre-fix date and time: 2022-01-19--20-59-53
I:TWFunc::Fixup_Time: Setting time offset from file /sys/class/rtc/rtc0/since_epoch
I:TWFunc::Fixup_Time: will attempt to use the ats files now.
I:TWFunc::Fixup_Time: Setting time offset from file /persist/time/ats_2, offset 1763459016816
I:TWFunc::Fixup_Time: Date and time corrected: 2025-12-07--06-43-29
I:Processing '/preloader'
I:/preloader file system: emmc
I:Processing '/prism'
I:/prism file system: ext4
I:Processing '/prism_image'
I:/prism_image file system: emmc
I:Processing '/product_image'
I:/product_image file system: emmc
I:Processing '/recovery'
I:/recovery file system: emmc
I:Processing '/sec_efs'
I:/sec_efs file system: ext4
I:Created '/sec_efs' folder.
I:Processing '/system_dlkm_image'
I:/system_dlkm_image file system: emmc
I:Processing '/system_ext_image'
I:/system_ext_image file system: emmc
I:Processing '/system_image'
I:/system_image file system: emmc
I:Processing '/usb_otg'
I:/usb_otg file system: auto
I:Created '/usb_otg' folder.
I:Processing '/vbmeta'
I:/vbmeta file system: emmc
I:Processing '/vbmeta_samsung'
I:/vbmeta_samsung file system: emmc
I:Processing '/vbmeta_system'
I:/vbmeta_system file system: emmc
I:Processing '/vendor_boot'
I:/vendor_boot file system: emmc
I:Processing '/vendor_dlkm_image'
I:/vendor_dlkm_image file system: emmc
I:Processing '/vendor_image'
I:/vendor_image file system: emmc
I:Processing '/vm-bootsys'
I:/vm-bootsys file system: ext4
I:Created '/vm-bootsys' folder.
I:Attempting to load modules
I:Checking directory: /lib/modules
I:number of modules loaded by init: 379
I:found module to dedupe: msm_drm.ko
I:found module to dedupe: msm_hw_fence.ko
I:found module to dedupe: sync_fence.ko
I:found module to dedupe: msm_ext_display.ko
I:found module to dedupe: smcinvoke_dlkm.ko
I:found module to dedupe: hdcp_qseecom_dlkm.ko
I:found module to dedupe: tz_log_dlkm.ko
I:found module to dedupe: mac80211.ko
I:found module to dedupe: cfg80211.ko
I:found module to dedupe: stm_ftrace.ko
I:found module to dedupe: stm_console.ko
I:found module to dedupe: stm_p_ost.ko
I:found module to dedupe: stm_p_basic.ko
I:found module to dedupe: stm_core.ko
I:found module to dedupe: slimbus.ko
I:found module to dedupe: nvmem_qfprom.ko
I:found module to dedupe: gh_irq_lend.ko
I:found module to dedupe: qcom_esoc.ko
I:found module to dedupe: qcom_q6v5_pas.ko
I:found module to dedupe: qcom_q6v5.ko
I:found module to dedupe: qcom_pil_info.ko
I:found module to dedupe: qcom_lpm.ko
I:found module to dedupe: qcom_edac.ko
I:found module to dedupe: sdpm_clk.ko
I:found module to dedupe: qti_userspace_cdev.ko
I:found module to dedupe: qti_devfreq_cdev.ko
I:found module to dedupe: qti_cpufreq_cdev.ko
I:found module to dedupe: qti_qmi_sensor_v2.ko
I:found module to dedupe: qti_qmi_cdev.ko
I:found module to dedupe: policy_engine.ko
I:found module to dedupe: msm_lmh_dcvs.ko
I:found module to dedupe: max31760_fan.ko
I:found module to dedupe: ddr_cdev.ko
I:found module to dedupe: cpu_voltage_cooling.ko
I:found module to dedupe: bcl_soc.ko
I:found module to dedupe: qcom_ipc_lite.ko
I:found module to dedupe: qti_battery_charger.ko
I:found module to dedupe: usbmon.ko
I:found module to dedupe: usb_f_diag.ko
I:found module to dedupe: usb_f_gsi.ko
I:found module to dedupe: ipa_fmwk.ko
I:found module to dedupe: usb_f_ccid.ko
I:found module to dedupe: usb_f_cdev.ko
I:found module to dedupe: ehset.ko
I:found module to dedupe: repeater.ko
I:found module to dedupe: msm_sharedmem.ko
I:found module to dedupe: smsc95xx.ko
I:found module to dedupe: smsc75xx.ko
I:found module to dedupe: smsc.ko
I:found module to dedupe: sg.ko
I:found module to dedupe: qseecom_proxy.ko
I:found module to dedupe: lt9611uxc.ko
I:found module to dedupe: rdbg.ko
I:found module to dedupe: msm_geni_serial.ko
I:found module to dedupe: hvc_gunyah.ko
I:found module to dedupe: hung_task_enh.ko
I:found module to dedupe: qcom_va_minidump.ko
I:found module to dedupe: msm_performance.ko
I:found module to dedupe: spcom.ko
I:found module to dedupe: spss_utils.ko
I:found module to dedupe: qcom_spss.ko
I:found module to dedupe: qcom_sysmon.ko
I:found module to dedupe: gh_tlmm_vm_mem_access.ko
I:found module to dedupe: gh_mem_notifier.ko
I:found module to dedupe: msm_show_epoch.ko
I:found module to dedupe: ucsi_glink.ko
I:found module to dedupe: qdss_bridge.ko
I:found module to dedupe: usb_f_qdss.ko
I:found module to dedupe: redriver.ko
I:found module to dedupe: sys_pm_vx.ko
I:found module to dedupe: dmesg_dumper.ko
I:found module to dedupe: panel_event_notifier.ko
I:found module to dedupe: memlat_scmi.ko
I:found module to dedupe: memlat_vendor.ko
I:found module to dedupe: memlat.ko
I:found module to dedupe: usb_bam.ko
I:found module to dedupe: sps_drv.ko
I:found module to dedupe: core_hang_detect.ko
I:found module to dedupe: boot_stats.ko
I:found module to dedupe: llcc_perfmon.ko
I:found module to dedupe: microdump_collector.ko
I:found module to dedupe: eud.ko
I:found module to dedupe: adsp_sleepmon.ko
I:found module to dedupe: subsystem_sleep_stats.ko
I:found module to dedupe: sysmon_subsystem_stats.ko
I:found module to dedupe: cdsprm.ko
I:found module to dedupe: soc_sleep_stats.ko
I:found module to dedupe: qcom_ramdump.ko
I:found module to dedupe: glink_pkt.ko
I:found module to dedupe: glink_probe.ko
I:found module to dedupe: qcom_glink_spss.ko
I:found module to dedupe: qsee_ipc_irq_bridge.ko
I:found module to dedupe: smp2p_sleepstate.ko
I:found module to dedupe: smp2p.ko
I:found module to dedupe: msm_memshare.ko
I:found module to dedupe: heap_mem_ext_v01.ko
I:found module to dedupe: msm_gpi.ko
I:found module to dedupe: bam_dma.ko
I:found module to dedupe: mhi_dev_satellite.ko
I:found module to dedupe: mhi_dev_uci.ko
I:found module to dedupe: mhi.ko
I:found module to dedupe: msm_show_resume_irq.ko
I:found module to dedupe: msm_sysstats.ko
I:found module to dedupe: pmic_glink.ko
I:found module to dedupe: pdr_interface.ko
I:found module to dedupe: qmi_helpers.ko
I:found module to dedupe: rproc_qcom_common.ko
I:found module to dedupe: qcom_smd.ko
I:found module to dedupe: qcom_glink_smem.ko
I:found module to dedupe: qcom_glink.ko
I:found module to dedupe: bcl_pmic5.ko
I:found module to dedupe: c1dcvs_scmi.ko
I:found module to dedupe: c1dcvs_vendor.ko
I:found module to dedupe: qcom_rimps.ko
I:found module to dedupe: ufs_qcom.ko
I:found module to dedupe: msm_qmp.ko
I:found module to dedupe: qcom_aoss.ko
I:found module to dedupe: socinfo.ko
I:found module to dedupe: qrtr.ko
I:found module to dedupe: pmu_scmi.ko
I:found module to dedupe: pmu_vendor.ko
I:found module to dedupe: qcom_llcc_pmu.ko
I:found module to dedupe: arm_smmu.ko
I:found module to dedupe: qcom_iommu_util.ko
I:found module to dedupe: memory_dump_v2.ko
I:found module to dedupe: mem_buf.ko
I:found module to dedupe: qcom_dma_heaps.ko
I:found module to dedupe: msm_dma_iommu_mapping.ko
I:found module to dedupe: mem_buf_msgq.ko
I:found module to dedupe: mem_buf_dev.ko
I:found module to dedupe: gunyah.ko
I:found module to dedupe: mdt_loader.ko
I:found module to dedupe: secure_buffer.ko
I:found module to dedupe: gh_ctrl.ko
I:found module to dedupe: dcc_v2.ko
I:found module to dedupe: hwkm.ko
I:found module to dedupe: cqhci.ko
I:found module to dedupe: cpu_hotplug.ko
I:found module to dedupe: thermal_pause.ko
I:found module to dedupe: bwmon.ko
I:found module to dedupe: dcvs_fp.ko
I:found module to dedupe: qcom_tsens.ko
I:found module to dedupe: qcom_ipcc.ko
I:found module to dedupe: qcom_rpmh.ko
I:found module to dedupe: qcom_cpu_vendor_hooks.ko
I:found module to dedupe: gh_virt_wdt.ko
I:found module to dedupe: qcom_wdt_core.ko
I:found module to dedupe: minidump.ko
I:found module to dedupe: gh_rm_drv.ko
I:found module to dedupe: gh_dbl.ko
I:found module to dedupe: gh_msgq.ko
I:found module to dedupe: gh_arm_drv.ko
I:found module to dedupe: smem.ko
I:found module to dedupe: qcom_hwspinlock.ko
I:mounting /tmp/lib/modules on /lib/modules
I:UnMount: Unable to find partition for path '/lib'
I:Modules Loaded: 0
I:Checking directory: /lib/modules/5.15
I:number of modules loaded by init: 379
I:found module to dedupe: msm_drm.ko
I:found module to dedupe: msm_hw_fence.ko
I:found module to dedupe: sync_fence.ko
I:found module to dedupe: msm_ext_display.ko
I:found module to dedupe: smcinvoke_dlkm.ko
I:found module to dedupe: hdcp_qseecom_dlkm.ko
I:found module to dedupe: tz_log_dlkm.ko
I:found module to dedupe: mac80211.ko
I:found module to dedupe: cfg80211.ko
I:found module to dedupe: stm_ftrace.ko
I:found module to dedupe: stm_console.ko
I:found module to dedupe: stm_p_ost.ko
I:found module to dedupe: stm_p_basic.ko
I:found module to dedupe: stm_core.ko
I:found module to dedupe: slimbus.ko
I:found module to dedupe: nvmem_qfprom.ko
I:found module to dedupe: gh_irq_lend.ko
I:found module to dedupe: qcom_esoc.ko
I:found module to dedupe: qcom_q6v5_pas.ko
I:found module to dedupe: qcom_q6v5.ko
I:found module to dedupe: qcom_pil_info.ko
I:found module to dedupe: qcom_lpm.ko
I:found module to dedupe: qcom_edac.ko
I:found module to dedupe: sdpm_clk.ko
I:found module to dedupe: qti_userspace_cdev.ko
I:found module to dedupe: qti_devfreq_cdev.ko
I:found module to dedupe: qti_cpufreq_cdev.ko
I:found module to dedupe: qti_qmi_sensor_v2.ko
I:found module to dedupe: qti_qmi_cdev.ko
I:found module to dedupe: policy_engine.ko
I:found module to dedupe: msm_lmh_dcvs.ko
I:found module to dedupe: max31760_fan.ko
I:found module to dedupe: ddr_cdev.ko
I:found module to dedupe: cpu_voltage_cooling.ko
I:found module to dedupe: bcl_soc.ko
I:found module to dedupe: qcom_ipc_lite.ko
I:found module to dedupe: qti_battery_charger.ko
I:found module to dedupe: usbmon.ko
I:found module to dedupe: usb_f_diag.ko
I:found module to dedupe: usb_f_gsi.ko
I:found module to dedupe: ipa_fmwk.ko
I:found module to dedupe: usb_f_ccid.ko
I:found module to dedupe: usb_f_cdev.ko
I:found module to dedupe: ehset.ko
I:found module to dedupe: repeater.ko
I:found module to dedupe: msm_sharedmem.ko
I:found module to dedupe: smsc95xx.ko
I:found module to dedupe: smsc75xx.ko
I:found module to dedupe: smsc.ko
I:found module to dedupe: sg.ko
I:found module to dedupe: qseecom_proxy.ko
I:found module to dedupe: lt9611uxc.ko
I:found module to dedupe: rdbg.ko
I:found module to dedupe: msm_geni_serial.ko
I:found module to dedupe: hvc_gunyah.ko
I:found module to dedupe: hung_task_enh.ko
I:found module to dedupe: qcom_va_minidump.ko
I:found module to dedupe: msm_performance.ko
I:found module to dedupe: spcom.ko
I:found module to dedupe: spss_utils.ko
I:found module to dedupe: qcom_spss.ko
I:found module to dedupe: qcom_sysmon.ko
I:found module to dedupe: gh_tlmm_vm_mem_access.ko
I:found module to dedupe: gh_mem_notifier.ko
I:found module to dedupe: msm_show_epoch.ko
I:found module to dedupe: ucsi_glink.ko
I:found module to dedupe: qdss_bridge.ko
I:found module to dedupe: usb_f_qdss.ko
I:found module to dedupe: redriver.ko
I:found module to dedupe: sys_pm_vx.ko
I:found module to dedupe: dmesg_dumper.ko
I:found module to dedupe: panel_event_notifier.ko
I:found module to dedupe: memlat_scmi.ko
I:found module to dedupe: memlat_vendor.ko
I:found module to dedupe: memlat.ko
I:found module to dedupe: usb_bam.ko
I:found module to dedupe: sps_drv.ko
I:found module to dedupe: core_hang_detect.ko
I:found module to dedupe: boot_stats.ko
I:found module to dedupe: llcc_perfmon.ko
I:found module to dedupe: microdump_collector.ko
I:found module to dedupe: eud.ko
I:found module to dedupe: adsp_sleepmon.ko
I:found module to dedupe: subsystem_sleep_stats.ko
I:found module to dedupe: sysmon_subsystem_stats.ko
I:found module to dedupe: cdsprm.ko
I:found module to dedupe: soc_sleep_stats.ko
I:found module to dedupe: qcom_ramdump.ko
I:found module to dedupe: glink_pkt.ko
I:found module to dedupe: glink_probe.ko
I:found module to dedupe: qcom_glink_spss.ko
I:found module to dedupe: qsee_ipc_irq_bridge.ko
I:found module to dedupe: smp2p_sleepstate.ko
I:found module to dedupe: smp2p.ko
I:found module to dedupe: msm_memshare.ko
I:found module to dedupe: heap_mem_ext_v01.ko
I:found module to dedupe: msm_gpi.ko
I:found module to dedupe: bam_dma.ko
I:found module to dedupe: mhi_dev_satellite.ko
I:found module to dedupe: mhi_dev_uci.ko
I:found module to dedupe: mhi.ko
I:found module to dedupe: msm_show_resume_irq.ko
I:found module to dedupe: msm_sysstats.ko
I:found module to dedupe: pmic_glink.ko
I:found module to dedupe: pdr_interface.ko
I:found module to dedupe: qmi_helpers.ko
I:found module to dedupe: rproc_qcom_common.ko
I:found module to dedupe: qcom_smd.ko
I:found module to dedupe: qcom_glink_smem.ko
I:found module to dedupe: qcom_glink.ko
I:found module to dedupe: bcl_pmic5.ko
I:found module to dedupe: c1dcvs_scmi.ko
I:found module to dedupe: c1dcvs_vendor.ko
I:found module to dedupe: qcom_rimps.ko
I:found module to dedupe: ufs_qcom.ko
I:found module to dedupe: msm_qmp.ko
I:found module to dedupe: qcom_aoss.ko
I:found module to dedupe: socinfo.ko
I:found module to dedupe: qrtr.ko
I:found module to dedupe: pmu_scmi.ko
I:found module to dedupe: pmu_vendor.ko
I:found module to dedupe: qcom_llcc_pmu.ko
I:found module to dedupe: arm_smmu.ko
I:found module to dedupe: qcom_iommu_util.ko
I:found module to dedupe: memory_dump_v2.ko
I:found module to dedupe: mem_buf.ko
I:found module to dedupe: qcom_dma_heaps.ko
I:found module to dedupe: msm_dma_iommu_mapping.ko
I:found module to dedupe: mem_buf_msgq.ko
I:found module to dedupe: mem_buf_dev.ko
I:found module to dedupe: gunyah.ko
I:found module to dedupe: mdt_loader.ko
I:found module to dedupe: secure_buffer.ko
I:found module to dedupe: gh_ctrl.ko
I:found module to dedupe: dcc_v2.ko
I:found module to dedupe: hwkm.ko
I:found module to dedupe: cqhci.ko
I:found module to dedupe: cpu_hotplug.ko
I:found module to dedupe: thermal_pause.ko
I:found module to dedupe: bwmon.ko
I:found module to dedupe: dcvs_fp.ko
I:found module to dedupe: qcom_tsens.ko
I:found module to dedupe: qcom_ipcc.ko
I:found module to dedupe: qcom_rpmh.ko
I:found module to dedupe: qcom_cpu_vendor_hooks.ko
I:found module to dedupe: gh_virt_wdt.ko
I:found module to dedupe: qcom_wdt_core.ko
I:found module to dedupe: minidump.ko
I:found module to dedupe: gh_rm_drv.ko
I:found module to dedupe: gh_dbl.ko
I:found module to dedupe: gh_msgq.ko
I:found module to dedupe: gh_arm_drv.ko
I:found module to dedupe: smem.ko
I:found module to dedupe: qcom_hwspinlock.ko
I:mounting /tmp/lib/modules/5.15 on /lib/modules/5.15
I:UnMount: Unable to find partition for path '/lib'
I:Modules Loaded: 0
I:Checking mounted /vendor
I:Checking mounted /vendor_dlkm
I:Checking directory: /vendor/lib/modules
I:number of modules loaded by init: 379
I:found module to dedupe: msm_drm.ko
I:found module to dedupe: msm_hw_fence.ko
I:found module to dedupe: sync_fence.ko
I:found module to dedupe: msm_ext_display.ko
I:found module to dedupe: smcinvoke_dlkm.ko
I:found module to dedupe: hdcp_qseecom_dlkm.ko
I:found module to dedupe: tz_log_dlkm.ko
I:found module to dedupe: mac80211.ko
I:found module to dedupe: cfg80211.ko
I:found module to dedupe: stm_ftrace.ko
I:found module to dedupe: stm_console.ko
I:found module to dedupe: stm_p_ost.ko
I:found module to dedupe: stm_p_basic.ko
I:found module to dedupe: stm_core.ko
I:found module to dedupe: slimbus.ko
I:found module to dedupe: nvmem_qfprom.ko
I:found module to dedupe: gh_irq_lend.ko
I:found module to dedupe: qcom_esoc.ko
I:found module to dedupe: qcom_q6v5_pas.ko
I:found module to dedupe: qcom_q6v5.ko
I:found module to dedupe: qcom_pil_info.ko
I:found module to dedupe: qcom_lpm.ko
I:found module to dedupe: qcom_edac.ko
I:found module to dedupe: sdpm_clk.ko
I:found module to dedupe: qti_userspace_cdev.ko
I:found module to dedupe: qti_devfreq_cdev.ko
I:found module to dedupe: qti_cpufreq_cdev.ko
I:found module to dedupe: qti_qmi_sensor_v2.ko
I:found module to dedupe: qti_qmi_cdev.ko
I:found module to dedupe: policy_engine.ko
I:found module to dedupe: msm_lmh_dcvs.ko
I:found module to dedupe: max31760_fan.ko
I:found module to dedupe: ddr_cdev.ko
I:found module to dedupe: cpu_voltage_cooling.ko
I:found module to dedupe: bcl_soc.ko
I:found module to dedupe: qcom_ipc_lite.ko
I:found module to dedupe: qti_battery_charger.ko
I:found module to dedupe: usbmon.ko
I:found module to dedupe: usb_f_diag.ko
I:found module to dedupe: usb_f_gsi.ko
I:found module to dedupe: ipa_fmwk.ko
I:found module to dedupe: usb_f_ccid.ko
I:found module to dedupe: usb_f_cdev.ko
I:found module to dedupe: ehset.ko
I:found module to dedupe: repeater.ko
I:found module to dedupe: msm_sharedmem.ko
I:found module to dedupe: smsc95xx.ko
I:found module to dedupe: smsc75xx.ko
I:found module to dedupe: smsc.ko
I:found module to dedupe: sg.ko
I:found module to dedupe: qseecom_proxy.ko
I:found module to dedupe: lt9611uxc.ko
I:found module to dedupe: rdbg.ko
I:found module to dedupe: msm_geni_serial.ko
I:found module to dedupe: hvc_gunyah.ko
I:found module to dedupe: hung_task_enh.ko
I:found module to dedupe: qcom_va_minidump.ko
I:found module to dedupe: msm_performance.ko
I:found module to dedupe: spcom.ko
I:found module to dedupe: spss_utils.ko
I:found module to dedupe: qcom_spss.ko
I:found module to dedupe: qcom_sysmon.ko
I:found module to dedupe: gh_tlmm_vm_mem_access.ko
I:found module to dedupe: gh_mem_notifier.ko
I:found module to dedupe: msm_show_epoch.ko
I:found module to dedupe: ucsi_glink.ko
I:found module to dedupe: qdss_bridge.ko
I:found module to dedupe: usb_f_qdss.ko
I:found module to dedupe: redriver.ko
I:found module to dedupe: sys_pm_vx.ko
I:found module to dedupe: dmesg_dumper.ko
I:found module to dedupe: panel_event_notifier.ko
I:found module to dedupe: memlat_scmi.ko
I:found module to dedupe: memlat_vendor.ko
I:found module to dedupe: memlat.ko
I:found module to dedupe: usb_bam.ko
I:found module to dedupe: sps_drv.ko
I:found module to dedupe: core_hang_detect.ko
I:found module to dedupe: boot_stats.ko
I:found module to dedupe: llcc_perfmon.ko
I:found module to dedupe: microdump_collector.ko
I:found module to dedupe: eud.ko
I:found module to dedupe: adsp_sleepmon.ko
I:found module to dedupe: subsystem_sleep_stats.ko
I:found module to dedupe: sysmon_subsystem_stats.ko
I:found module to dedupe: cdsprm.ko
I:found module to dedupe: soc_sleep_stats.ko
I:found module to dedupe: qcom_ramdump.ko
I:found module to dedupe: glink_pkt.ko
I:found module to dedupe: glink_probe.ko
I:found module to dedupe: qcom_glink_spss.ko
I:found module to dedupe: qsee_ipc_irq_bridge.ko
I:found module to dedupe: smp2p_sleepstate.ko
I:found module to dedupe: smp2p.ko
I:found module to dedupe: msm_memshare.ko
I:found module to dedupe: heap_mem_ext_v01.ko
I:found module to dedupe: msm_gpi.ko
I:found module to dedupe: bam_dma.ko
I:found module to dedupe: mhi_dev_satellite.ko
I:found module to dedupe: mhi_dev_uci.ko
I:found module to dedupe: mhi.ko
I:found module to dedupe: msm_show_resume_irq.ko
I:found module to dedupe: msm_sysstats.ko
I:found module to dedupe: pmic_glink.ko
I:found module to dedupe: pdr_interface.ko
I:found module to dedupe: qmi_helpers.ko
I:found module to dedupe: rproc_qcom_common.ko
I:found module to dedupe: qcom_smd.ko
I:found module to dedupe: qcom_glink_smem.ko
I:found module to dedupe: qcom_glink.ko
I:found module to dedupe: bcl_pmic5.ko
I:found module to dedupe: c1dcvs_scmi.ko
I:found module to dedupe: c1dcvs_vendor.ko
I:found module to dedupe: qcom_rimps.ko
I:found module to dedupe: ufs_qcom.ko
I:found module to dedupe: msm_qmp.ko
I:found module to dedupe: qcom_aoss.ko
I:found module to dedupe: socinfo.ko
I:found module to dedupe: qrtr.ko
I:found module to dedupe: pmu_scmi.ko
I:found module to dedupe: pmu_vendor.ko
I:found module to dedupe: qcom_llcc_pmu.ko
I:found module to dedupe: arm_smmu.ko
I:found module to dedupe: qcom_iommu_util.ko
I:found module to dedupe: memory_dump_v2.ko
I:found module to dedupe: mem_buf.ko
I:found module to dedupe: qcom_dma_heaps.ko
I:found module to dedupe: msm_dma_iommu_mapping.ko
I:found module to dedupe: mem_buf_msgq.ko
I:found module to dedupe: mem_buf_dev.ko
I:found module to dedupe: gunyah.ko
I:found module to dedupe: mdt_loader.ko
I:found module to dedupe: secure_buffer.ko
I:found module to dedupe: gh_ctrl.ko
I:found module to dedupe: dcc_v2.ko
I:found module to dedupe: hwkm.ko
I:found module to dedupe: cqhci.ko
I:found module to dedupe: cpu_hotplug.ko
I:found module to dedupe: thermal_pause.ko
I:found module to dedupe: bwmon.ko
I:found module to dedupe: dcvs_fp.ko
I:found module to dedupe: qcom_tsens.ko
I:found module to dedupe: qcom_ipcc.ko
I:found module to dedupe: qcom_rpmh.ko
I:found module to dedupe: qcom_cpu_vendor_hooks.ko
I:found module to dedupe: gh_virt_wdt.ko
I:found module to dedupe: qcom_wdt_core.ko
I:found module to dedupe: minidump.ko
I:found module to dedupe: gh_rm_drv.ko
I:found module to dedupe: gh_dbl.ko
I:found module to dedupe: gh_msgq.ko
I:found module to dedupe: gh_arm_drv.ko
I:found module to dedupe: smem.ko
I:found module to dedupe: qcom_hwspinlock.ko
I:mounting /tmp/vendor/lib/modules on /vendor/lib/modules
I:Modules Loaded: 36
I:Checking directory: /vendor/lib/modules/1.1
I:number of modules loaded by init: 415
I:found module to dedupe: audpkt_ion_dlkm.ko
I:found module to dedupe: btpower.ko
I:found module to dedupe: cnss_nl.ko
I:found module to dedupe: cnss_plat_ipc_qmi_svc.ko
I:found module to dedupe: cnss_prealloc.ko
I:found module to dedupe: cnss_utils.ko
I:found module to dedupe: mbhc_dlkm.ko
I:found module to dedupe: msm_video.ko
I:found module to dedupe: q6_dlkm.ko
I:found module to dedupe: qce50_dlkm.ko
I:found module to dedupe: qrng_dlkm.ko
I:found module to dedupe: rmnet_aps.ko
I:found module to dedupe: rmnet_offload.ko
I:found module to dedupe: rmnet_perf.ko
I:found module to dedupe: rmnet_perf_tether.ko
I:found module to dedupe: rmnet_sch.ko
I:found module to dedupe: rmnet_shs.ko
I:found module to dedupe: rmnet_wlan.ko
I:found module to dedupe: rmnet_core.ko
I:found module to dedupe: rmnet_ctl.ko
I:found module to dedupe: gsim.ko
I:found module to dedupe: snd_event_dlkm.ko
I:found module to dedupe: stub_dlkm.ko
I:found module to dedupe: swr_haptics_dlkm.ko
I:found module to dedupe: wcd938x_slave_dlkm.ko
I:found module to dedupe: wlan_firmware_service.ko
I:found module to dedupe: wsa883x_dlkm.ko
I:found module to dedupe: wsa884x_dlkm.ko
I:found module to dedupe: swr_dlkm.ko
I:found module to dedupe: wcd_core_dlkm.ko
I:found module to dedupe: msm_drm.ko
I:found module to dedupe: msm_hw_fence.ko
I:found module to dedupe: sync_fence.ko
I:found module to dedupe: msm_ext_display.ko
I:found module to dedupe: smcinvoke_dlkm.ko
I:found module to dedupe: hdcp_qseecom_dlkm.ko
I:found module to dedupe: tz_log_dlkm.ko
I:found module to dedupe: mac80211.ko
I:found module to dedupe: cfg80211.ko
I:found module to dedupe: stm_ftrace.ko
I:found module to dedupe: stm_console.ko
I:found module to dedupe: stm_p_ost.ko
I:found module to dedupe: stm_p_basic.ko
I:found module to dedupe: stm_core.ko
I:found module to dedupe: slimbus.ko
I:found module to dedupe: nvmem_qfprom.ko
I:found module to dedupe: gh_irq_lend.ko
I:found module to dedupe: qcom_esoc.ko
I:found module to dedupe: qcom_q6v5_pas.ko
I:found module to dedupe: qcom_q6v5.ko
I:found module to dedupe: qcom_pil_info.ko
I:found module to dedupe: qcom_lpm.ko
I:found module to dedupe: qcom_edac.ko
I:found module to dedupe: sdpm_clk.ko
I:found module to dedupe: qti_userspace_cdev.ko
I:found module to dedupe: qti_devfreq_cdev.ko
I:found module to dedupe: qti_cpufreq_cdev.ko
I:found module to dedupe: qti_qmi_sensor_v2.ko
I:found module to dedupe: qti_qmi_cdev.ko
I:found module to dedupe: policy_engine.ko
I:found module to dedupe: msm_lmh_dcvs.ko
I:found module to dedupe: max31760_fan.ko
I:found module to dedupe: ddr_cdev.ko
I:found module to dedupe: cpu_voltage_cooling.ko
I:found module to dedupe: bcl_soc.ko
I:found module to dedupe: qcom_ipc_lite.ko
I:found module to dedupe: qti_battery_charger.ko
I:found module to dedupe: usbmon.ko
I:found module to dedupe: usb_f_diag.ko
I:found module to dedupe: usb_f_gsi.ko
I:found module to dedupe: ipa_fmwk.ko
I:found module to dedupe: usb_f_ccid.ko
I:found module to dedupe: usb_f_cdev.ko
I:found module to dedupe: ehset.ko
I:found module to dedupe: repeater.ko
I:found module to dedupe: msm_sharedmem.ko
I:found module to dedupe: smsc95xx.ko
I:found module to dedupe: smsc75xx.ko
I:found module to dedupe: smsc.ko
I:found module to dedupe: sg.ko
I:found module to dedupe: qseecom_proxy.ko
I:found module to dedupe: lt9611uxc.ko
I:found module to dedupe: rdbg.ko
I:found module to dedupe: msm_geni_serial.ko
I:found module to dedupe: hvc_gunyah.ko
I:found module to dedupe: hung_task_enh.ko
I:found module to dedupe: qcom_va_minidump.ko
I:found module to dedupe: msm_performance.ko
I:found module to dedupe: spcom.ko
I:found module to dedupe: spss_utils.ko
I:found module to dedupe: qcom_spss.ko
I:found module to dedupe: qcom_sysmon.ko
I:found module to dedupe: gh_tlmm_vm_mem_access.ko
I:found module to dedupe: gh_mem_notifier.ko
I:found module to dedupe: msm_show_epoch.ko
I:found module to dedupe: ucsi_glink.ko
I:found module to dedupe: qdss_bridge.ko
I:found module to dedupe: usb_f_qdss.ko
I:found module to dedupe: redriver.ko
I:found module to dedupe: sys_pm_vx.ko
I:found module to dedupe: dmesg_dumper.ko
I:found module to dedupe: panel_event_notifier.ko
I:found module to dedupe: memlat_scmi.ko
I:found module to dedupe: memlat_vendor.ko
I:found module to dedupe: memlat.ko
I:found module to dedupe: usb_bam.ko
I:found module to dedupe: sps_drv.ko
I:found module to dedupe: core_hang_detect.ko
I:found module to dedupe: boot_stats.ko
I:found module to dedupe: llcc_perfmon.ko
I:found module to dedupe: microdump_collector.ko
I:found module to dedupe: eud.ko
I:found module to dedupe: adsp_sleepmon.ko
I:found module to dedupe: subsystem_sleep_stats.ko
I:found module to dedupe: sysmon_subsystem_stats.ko
I:found module to dedupe: cdsprm.ko
I:found module to dedupe: soc_sleep_stats.ko
I:found module to dedupe: qcom_ramdump.ko
I:found module to dedupe: glink_pkt.ko
I:found module to dedupe: glink_probe.ko
I:found module to dedupe: qcom_glink_spss.ko
I:found module to dedupe: qsee_ipc_irq_bridge.ko
I:found module to dedupe: smp2p_sleepstate.ko
I:found module to dedupe: smp2p.ko
I:found module to dedupe: msm_memshare.ko
I:found module to dedupe: heap_mem_ext_v01.ko
I:found module to dedupe: msm_gpi.ko
I:found module to dedupe: bam_dma.ko
I:found module to dedupe: mhi_dev_satellite.ko
I:found module to dedupe: mhi_dev_uci.ko
I:found module to dedupe: mhi.ko
I:found module to dedupe: msm_show_resume_irq.ko
I:found module to dedupe: msm_sysstats.ko
I:found module to dedupe: pmic_glink.ko
I:found module to dedupe: pdr_interface.ko
I:found module to dedupe: qmi_helpers.ko
I:found module to dedupe: rproc_qcom_common.ko
I:found module to dedupe: qcom_smd.ko
I:found module to dedupe: qcom_glink_smem.ko
I:found module to dedupe: qcom_glink.ko
I:found module to dedupe: bcl_pmic5.ko
I:found module to dedupe: c1dcvs_scmi.ko
I:found module to dedupe: c1dcvs_vendor.ko
I:found module to dedupe: qcom_rimps.ko
I:found module to dedupe: ufs_qcom.ko
I:found module to dedupe: msm_qmp.ko
I:found module to dedupe: qcom_aoss.ko
I:found module to dedupe: socinfo.ko
I:found module to dedupe: qrtr.ko
I:found module to dedupe: pmu_scmi.ko
I:found module to dedupe: pmu_vendor.ko
I:found module to dedupe: qcom_llcc_pmu.ko
I:found module to dedupe: arm_smmu.ko
I:found module to dedupe: qcom_iommu_util.ko
I:found module to dedupe: memory_dump_v2.ko
I:found module to dedupe: mem_buf.ko
I:found module to dedupe: qcom_dma_heaps.ko
I:found module to dedupe: msm_dma_iommu_mapping.ko
I:found module to dedupe: mem_buf_msgq.ko
I:found module to dedupe: mem_buf_dev.ko
I:found module to dedupe: gunyah.ko
I:found module to dedupe: mdt_loader.ko
I:found module to dedupe: secure_buffer.ko
I:found module to dedupe: gh_ctrl.ko
I:found module to dedupe: dcc_v2.ko
I:found module to dedupe: hwkm.ko
I:found module to dedupe: cqhci.ko
I:found module to dedupe: cpu_hotplug.ko
I:found module to dedupe: thermal_pause.ko
I:found module to dedupe: bwmon.ko
I:found module to dedupe: dcvs_fp.ko
I:found module to dedupe: qcom_tsens.ko
I:found module to dedupe: qcom_ipcc.ko
I:found module to dedupe: qcom_rpmh.ko
I:found module to dedupe: qcom_cpu_vendor_hooks.ko
I:found module to dedupe: gh_virt_wdt.ko
I:found module to dedupe: qcom_wdt_core.ko
I:found module to dedupe: minidump.ko
I:found module to dedupe: gh_rm_drv.ko
I:found module to dedupe: gh_dbl.ko
I:found module to dedupe: gh_msgq.ko
I:found module to dedupe: gh_arm_drv.ko
I:found module to dedupe: smem.ko
I:found module to dedupe: qcom_hwspinlock.ko
I:mounting /tmp/vendor/lib/modules/1.1 on /vendor/lib/modules/1.1
I:Modules Loaded: 0
I:Checking directory: /vendor_dlkm/lib/modules
I:number of modules loaded by init: 415
I:found module to dedupe: audpkt_ion_dlkm.ko
I:found module to dedupe: btpower.ko
I:found module to dedupe: cnss_nl.ko
I:found module to dedupe: cnss_plat_ipc_qmi_svc.ko
I:found module to dedupe: cnss_prealloc.ko
I:found module to dedupe: cnss_utils.ko
I:found module to dedupe: mbhc_dlkm.ko
I:found module to dedupe: msm_video.ko
I:found module to dedupe: q6_dlkm.ko
I:found module to dedupe: qce50_dlkm.ko
I:found module to dedupe: qrng_dlkm.ko
I:found module to dedupe: rmnet_aps.ko
I:found module to dedupe: rmnet_offload.ko
I:found module to dedupe: rmnet_perf.ko
I:found module to dedupe: rmnet_perf_tether.ko
I:found module to dedupe: rmnet_sch.ko
I:found module to dedupe: rmnet_shs.ko
I:found module to dedupe: rmnet_wlan.ko
I:found module to dedupe: rmnet_core.ko
I:found module to dedupe: rmnet_ctl.ko
I:found module to dedupe: gsim.ko
I:found module to dedupe: snd_event_dlkm.ko
I:found module to dedupe: stub_dlkm.ko
I:found module to dedupe: swr_haptics_dlkm.ko
I:found module to dedupe: wcd938x_slave_dlkm.ko
I:found module to dedupe: wlan_firmware_service.ko
I:found module to dedupe: wsa883x_dlkm.ko
I:found module to dedupe: wsa884x_dlkm.ko
I:found module to dedupe: swr_dlkm.ko
I:found module to dedupe: wcd_core_dlkm.ko
I:found module to dedupe: msm_drm.ko
I:found module to dedupe: msm_hw_fence.ko
I:found module to dedupe: sync_fence.ko
I:found module to dedupe: msm_ext_display.ko
I:found module to dedupe: smcinvoke_dlkm.ko
I:found module to dedupe: hdcp_qseecom_dlkm.ko
I:found module to dedupe: tz_log_dlkm.ko
I:found module to dedupe: mac80211.ko
I:found module to dedupe: cfg80211.ko
I:found module to dedupe: stm_ftrace.ko
I:found module to dedupe: stm_console.ko
I:found module to dedupe: stm_p_ost.ko
I:found module to dedupe: stm_p_basic.ko
I:found module to dedupe: stm_core.ko
I:found module to dedupe: slimbus.ko
I:found module to dedupe: nvmem_qfprom.ko
I:found module to dedupe: gh_irq_lend.ko
I:found module to dedupe: qcom_esoc.ko
I:found module to dedupe: qcom_q6v5_pas.ko
I:found module to dedupe: qcom_q6v5.ko
I:found module to dedupe: qcom_pil_info.ko
I:found module to dedupe: qcom_lpm.ko
I:found module to dedupe: qcom_edac.ko
I:found module to dedupe: sdpm_clk.ko
I:found module to dedupe: qti_userspace_cdev.ko
I:found module to dedupe: qti_devfreq_cdev.ko
I:found module to dedupe: qti_cpufreq_cdev.ko
I:found module to dedupe: qti_qmi_sensor_v2.ko
I:found module to dedupe: qti_qmi_cdev.ko
I:found module to dedupe: policy_engine.ko
I:found module to dedupe: msm_lmh_dcvs.ko
I:found module to dedupe: max31760_fan.ko
I:found module to dedupe: ddr_cdev.ko
I:found module to dedupe: cpu_voltage_cooling.ko
I:found module to dedupe: bcl_soc.ko
I:found module to dedupe: qcom_ipc_lite.ko
I:found module to dedupe: qti_battery_charger.ko
I:found module to dedupe: usbmon.ko
I:found module to dedupe: usb_f_diag.ko
I:found module to dedupe: usb_f_gsi.ko
I:found module to dedupe: ipa_fmwk.ko
I:found module to dedupe: usb_f_ccid.ko
I:found module to dedupe: usb_f_cdev.ko
I:found module to dedupe: ehset.ko
I:found module to dedupe: repeater.ko
I:found module to dedupe: msm_sharedmem.ko
I:found module to dedupe: smsc95xx.ko
I:found module to dedupe: smsc75xx.ko
I:found module to dedupe: smsc.ko
I:found module to dedupe: sg.ko
I:found module to dedupe: qseecom_proxy.ko
I:found module to dedupe: lt9611uxc.ko
I:found module to dedupe: rdbg.ko
I:found module to dedupe: msm_geni_serial.ko
I:found module to dedupe: hvc_gunyah.ko
I:found module to dedupe: hung_task_enh.ko
I:found module to dedupe: qcom_va_minidump.ko
I:found module to dedupe: msm_performance.ko
I:found module to dedupe: spcom.ko
I:found module to dedupe: spss_utils.ko
I:found module to dedupe: qcom_spss.ko
I:found module to dedupe: qcom_sysmon.ko
I:found module to dedupe: gh_tlmm_vm_mem_access.ko
I:found module to dedupe: gh_mem_notifier.ko
I:found module to dedupe: msm_show_epoch.ko
I:found module to dedupe: ucsi_glink.ko
I:found module to dedupe: qdss_bridge.ko
I:found module to dedupe: usb_f_qdss.ko
I:found module to dedupe: redriver.ko
I:found module to dedupe: sys_pm_vx.ko
I:found module to dedupe: dmesg_dumper.ko
I:found module to dedupe: panel_event_notifier.ko
I:found module to dedupe: memlat_scmi.ko
I:found module to dedupe: memlat_vendor.ko
I:found module to dedupe: memlat.ko
I:found module to dedupe: usb_bam.ko
I:found module to dedupe: sps_drv.ko
I:found module to dedupe: core_hang_detect.ko
I:found module to dedupe: boot_stats.ko
I:found module to dedupe: llcc_perfmon.ko
I:found module to dedupe: microdump_collector.ko
I:found module to dedupe: eud.ko
I:found module to dedupe: adsp_sleepmon.ko
I:found module to dedupe: subsystem_sleep_stats.ko
I:found module to dedupe: sysmon_subsystem_stats.ko
I:found module to dedupe: cdsprm.ko
I:found module to dedupe: soc_sleep_stats.ko
I:found module to dedupe: qcom_ramdump.ko
I:found module to dedupe: glink_pkt.ko
I:found module to dedupe: glink_probe.ko
I:found module to dedupe: qcom_glink_spss.ko
I:found module to dedupe: qsee_ipc_irq_bridge.ko
I:found module to dedupe: smp2p_sleepstate.ko
I:found module to dedupe: smp2p.ko
I:found module to dedupe: msm_memshare.ko
I:found module to dedupe: heap_mem_ext_v01.ko
I:found module to dedupe: msm_gpi.ko
I:found module to dedupe: bam_dma.ko
I:found module to dedupe: mhi_dev_satellite.ko
I:found module to dedupe: mhi_dev_uci.ko
I:found module to dedupe: mhi.ko
I:found module to dedupe: msm_show_resume_irq.ko
I:found module to dedupe: msm_sysstats.ko
I:found module to dedupe: pmic_glink.ko
I:found module to dedupe: pdr_interface.ko
I:found module to dedupe: qmi_helpers.ko
I:found module to dedupe: rproc_qcom_common.ko
I:found module to dedupe: qcom_smd.ko
I:found module to dedupe: qcom_glink_smem.ko
I:found module to dedupe: qcom_glink.ko
I:found module to dedupe: bcl_pmic5.ko
I:found module to dedupe: c1dcvs_scmi.ko
I:found module to dedupe: c1dcvs_vendor.ko
I:found module to dedupe: qcom_rimps.ko
I:found module to dedupe: ufs_qcom.ko
I:found module to dedupe: msm_qmp.ko
I:found module to dedupe: qcom_aoss.ko
I:found module to dedupe: socinfo.ko
I:found module to dedupe: qrtr.ko
I:found module to dedupe: pmu_scmi.ko
I:found module to dedupe: pmu_vendor.ko
I:found module to dedupe: qcom_llcc_pmu.ko
I:found module to dedupe: arm_smmu.ko
I:found module to dedupe: qcom_iommu_util.ko
I:found module to dedupe: memory_dump_v2.ko
I:found module to dedupe: mem_buf.ko
I:found module to dedupe: qcom_dma_heaps.ko
I:found module to dedupe: msm_dma_iommu_mapping.ko
I:found module to dedupe: mem_buf_msgq.ko
I:found module to dedupe: mem_buf_dev.ko
I:found module to dedupe: gunyah.ko
I:found module to dedupe: mdt_loader.ko
I:found module to dedupe: secure_buffer.ko
I:found module to dedupe: gh_ctrl.ko
I:found module to dedupe: dcc_v2.ko
I:found module to dedupe: hwkm.ko
I:found module to dedupe: cqhci.ko
I:found module to dedupe: cpu_hotplug.ko
I:found module to dedupe: thermal_pause.ko
I:found module to dedupe: bwmon.ko
I:found module to dedupe: dcvs_fp.ko
I:found module to dedupe: qcom_tsens.ko
I:found module to dedupe: qcom_ipcc.ko
I:found module to dedupe: qcom_rpmh.ko
I:found module to dedupe: qcom_cpu_vendor_hooks.ko
I:found module to dedupe: gh_virt_wdt.ko
I:found module to dedupe: qcom_wdt_core.ko
I:found module to dedupe: minidump.ko
I:found module to dedupe: gh_rm_drv.ko
I:found module to dedupe: gh_dbl.ko
I:found module to dedupe: gh_msgq.ko
I:found module to dedupe: gh_arm_drv.ko
I:found module to dedupe: smem.ko
I:found module to dedupe: qcom_hwspinlock.ko
I:mounting /tmp/vendor_dlkm/lib/modules on /vendor_dlkm/lib/modules
I:Modules Loaded: 0
I:Setting 'external_storage.casefold.enabled' to '1' from /vendor/build.prop
I:Setting 'external_storage.sdcardfs.enabled' to '0' from /vendor/build.prop
I:GetFstabPath: /odm/etc/fstab.default
I:GetFstabPath: /vendor/etc/fstab.default
I:GetFstabPath: /system/etc/fstab.default
I:GetFstabPath: /first_stage_ramdisk/system/etc/fstab.default
I:GetFstabPath: /fstab.default
I:GetFstabPath: /first_stage_ramdisk/fstab.default
I:GetFstabPath: /odm/etc/fstab.qcom
I:GetFstabPath: /vendor/etc/fstab.qcom
I:Fstab: /vendor/etc/fstab.qcom
I:Reading /etc/additional.fstab
I:Processing '/metadata'
I:/metadata file system: ext4
I:Unhandled flag: 'first_stage_mount'
I:Processing '/data'
I:/data file system: f2fs
I:Unhandled flag: 'latemount'
I:Unhandled flag: 'reservedsize=128M'
I:Unhandled flag: 'sysfs_path=/sys/devices/platform/soc/1d84000.ufshc'
I:Unhandled flag: 'checkpoint=fs'
I:Unhandled flag: 'fscompress+inlinecrypt_optimized+wrappedkey_v0'
I:Metadata contents 'aes-256-xts', filenames 'wrappedkey_v0'
I:setting Key_Directory to: /metadata/vold/metadata_encryption
I:Done processing fstab files
I:Property ro.boot.product.vendor.sku not found, trying to get vintf manifest file name from ro.board.platform
I:Separate manifest doesn't exist for 'android.hardware.keymaster'
I:PageManager::LoadFileToBuffer loading filename: '/vendor/etc/vintf/manifest_kalama.xml' directly
I:Looking for 'android.hardware.keymaster' service in manifest
I:Found version in manifest: 4.0
I:Keymaster_Ver::Using keymaster version '4.x' for decryption
Starting the UI...
ui: Display Mode #0 resolution: 1080x2340@120 type: 8
ui: Display Mode #1 resolution: 1080x2340@96 type: 0
ui: Display Mode #2 resolution: 1080x2340@60 type: 0
ui: Display Mode #3 resolution: 1080x2340@60 type: 0
ui: Display Mode #4 resolution: 1080x2340@48 type: 0
ui: Display Mode #5 resolution: 1080x2340@48 type: 0
ui: Display Mode #6 resolution: 1080x2340@30 type: 0
ui: Display Mode #7 resolution: 1080x2340@30 type: 0
ui: Display Mode #8 resolution: 1080x2340@24 type: 0
ui: Display Mode #9 resolution: 1080x2340@24 type: 0
ui: Display Mode #10 resolution: 1080x2340@10 type: 0
ui: Display Mode #11 resolution: 1080x2340@10 type: 0
ui: Current TW_FRAMERATE is @120
ui: Choosing display mode #0
width: 1080, height: 2340
setting DRM_FORMAT_XBGR8888 and GGL_PIXEL_FORMAT_RGBA_8888
setting DRM_FORMAT_XBGR8888 and GGL_PIXEL_FORMAT_RGBA_8888
number of lms in topology 2
Atomic Commit succeedUsing drm graphics.
I:TWFunc::Set_Brightness: Setting brightness control to 215
I:Loading package: splash (/twres/splash.xml)
I:Load XML directly
I:PageManager::LoadFileToBuffer loading filename: '/twres/splash.xml' directly
I:Checking resolution...
I:Loading resources...
I:Loading variables...
I:Loading mouse cursor...
I:Loading pages...
I:Loading page splash
I:Switching packages (splash)
I:Setting up '/data' as data/media emulated storage.
I:Adding user-defined path '/data/fonts' to the backup exclusions
I:Apex is disabled in this build
I:Backup folder set to '/data/media/0/Fox/BACKUPS/SM-S916B'
I:Settings storage is '/data/media/0'
Updating partition details...
I:Data backup size is 64564MB, free: 44993MB.
...done
/super | /dev/block/by-name/super | Size: 0MB
   Flags: Can_Be_Backed_Up IsPresent Can_Flash_Img 
   Alternate_Block_Device: /dev/block/by-name/super
   Display_Name: super
   Backup_Path: /super
   Backup_Name: super
   Backup_Display_Name: Super (system system_ext system_dlkm vendor vendor_dlkm)
   Current_File_System: emmc
   Backup_Method: dd

I:Unmounting main partitions...
I:Loading package: OrangeFox (/omr/OrangeFox/Fox/theme/ui.zip)
I:Loading zip theme
I:Loading package: OrangeFox (/twres/ui.xml)
I:Load XML directly
I:PageManager::LoadFileToBuffer loading filename: '/twres/languages/zn_TW.xml' directly
I:PageManager::LoadFileToBuffer loading filename: '/twres/languages/zh_CN.xml' directly
I:PageManager::LoadFileToBuffer loading filename: '/twres/languages/ua.xml' directly
I:PageManager::LoadFileToBuffer loading filename: '/twres/languages/tr.xml' directly
I:PageManager::LoadFileToBuffer loading filename: '/twres/languages/ru.xml' directly
I:PageManager::LoadFileToBuffer loading filename: '/twres/languages/ro.xml' directly
I:PageManager::LoadFileToBuffer loading filename: '/twres/languages/pt_PT.xml' directly
I:PageManager::LoadFileToBuffer loading filename: '/twres/languages/pl.xml' directly
I:PageManager::LoadFileToBuffer loading filename: '/twres/languages/it.xml' directly
I:PageManager::LoadFileToBuffer loading filename: '/twres/languages/id.xml' directly
I:PageManager::LoadFileToBuffer loading filename: '/twres/languages/hu.xml' directly
I:PageManager::LoadFileToBuffer loading filename: '/twres/languages/fr.xml' directly
I:PageManager::LoadFileToBuffer loading filename: '/twres/languages/es-ES.xml' directly
I:PageManager::LoadFileToBuffer loading filename: '/twres/languages/en.xml' directly
I:PageManager::LoadFileToBuffer loading filename: '/twres/languages/el.xml' directly
I:PageManager::LoadFileToBuffer loading filename: '/twres/languages/de.xml' directly
I:PageManager::LoadFileToBuffer loading filename: '/twres/languages/cs.xml' directly
I:PageManager::LoadFileToBuffer loading filename: '/twres/languages/en.xml' directly
parsing languageFile
parsing languageFile done
I:PageManager::LoadFileToBuffer loading filename: '/twres/ui.xml' directly
I:Checking resolution...
I:Loading resources...
I:Loading variables...
I:Loading mouse cursor...
I:Loading pages...
I:Including file: /omr/OrangeFox/Fox/.navbar/navbar.xml...
I:PageManager::LoadFileToBuffer loading filename: '/omr/OrangeFox/Fox/.navbar/navbar.xml' directly
I:PageManager::LoadFileToBuffer loading filename: '/twres/themes/navbar.xml' directly
I:Loading resources...
I:Loading variables...
I:Loading mouse cursor...
I:Loading pages...
I:Including file: /omr/OrangeFox/Fox/.theme/font.xml...
I:PageManager::LoadFileToBuffer loading filename: '/omr/OrangeFox/Fox/.theme/font.xml' directly
I:PageManager::LoadFileToBuffer loading filename: '/twres/themes/font.xml' directly
I:Loading resources...
I:Loading variables...
I:Loading mouse cursor...
I:Loading pages...
I:Including file: /omr/OrangeFox/Fox/.theme/style.xml...
I:PageManager::LoadFileToBuffer loading filename: '/omr/OrangeFox/Fox/.theme/style.xml' directly
I:PageManager::LoadFileToBuffer loading filename: '/twres/themes/style.xml' directly
I:Loading resources...
I:Failed to load image from Default/Progress/indeterminate033, error -1
I:Loading variables...
I:Loading mouse cursor...
I:Loading pages...
I:Including file: /omr/OrangeFox/Fox/.theme/accent.xml...
I:PageManager::LoadFileToBuffer loading filename: '/omr/OrangeFox/Fox/.theme/accent.xml' directly
I:PageManager::LoadFileToBuffer loading filename: '/twres/themes/accent.xml' directly
I:Loading resources...
I:Loading variables...
I:Loading mouse cursor...
I:Loading pages...
I:Including file: /omr/OrangeFox/Fox/.theme/action.xml...
I:PageManager::LoadFileToBuffer loading filename: '/omr/OrangeFox/Fox/.theme/action.xml' directly
I:PageManager::LoadFileToBuffer loading filename: '/twres/themes/action.xml' directly
I:Loading resources...
I:Loading variables...
I:Loading mouse cursor...
I:Loading pages...
I:Including file: /twres/resources/images.xml...
I:PageManager::LoadFileToBuffer loading filename: '/twres/resources/images.xml' directly
I:Loading resources...
I:Loading variables...
I:Loading mouse cursor...
I:Loading pages...
I:Including file: /twres/resources/vars.xml...
I:PageManager::LoadFileToBuffer loading filename: '/twres/resources/vars.xml' directly
I:Loading resources...
I:Loading variables...
I:Loading mouse cursor...
I:Loading pages...
I:Including file: /twres/resources/styles.xml...
I:PageManager::LoadFileToBuffer loading filename: '/twres/resources/styles.xml' directly
I:Loading resources...
I:Loading variables...
I:Loading mouse cursor...
I:Loading pages...
I:Including file: /twres/pages/templates/base.xml...
I:PageManager::LoadFileToBuffer loading filename: '/twres/pages/templates/base.xml' directly
I:Loading resources...
I:Loading variables...
I:Loading mouse cursor...
I:Loading pages...
I:Including file: /twres/pages/templates/keyboard.xml...
I:PageManager::LoadFileToBuffer loading filename: '/twres/pages/templates/keyboard.xml' directly
I:Loading resources...
I:Loading variables...
I:Loading mouse cursor...
I:Loading pages...
I:Including file: /twres/pages/templates/navbar.xml...
I:PageManager::LoadFileToBuffer loading filename: '/twres/pages/templates/navbar.xml' directly
I:Loading resources...
I:Loading variables...
I:Loading mouse cursor...
I:Loading pages...
I:Including file: /twres/pages/templates/statusbar.xml...
I:PageManager::LoadFileToBuffer loading filename: '/twres/pages/templates/statusbar.xml' directly
I:Loading resources...
I:Loading variables...
I:Loading mouse cursor...
I:Loading pages...
I:Including file: /twres/pages/templates/templates.xml...
I:PageManager::LoadFileToBuffer loading filename: '/twres/pages/templates/templates.xml' directly
I:Loading resources...
I:Loading variables...
I:Loading mouse cursor...
I:Loading pages...
I:Including file: /twres/pages/main.xml...
I:PageManager::LoadFileToBuffer loading filename: '/twres/pages/main.xml' directly
I:Loading resources...
I:Loading variables...
I:Loading mouse cursor...
I:Loading pages...
I:Loading page main
I:Loading page navbar
I:Loading page welcome
I:Loading page aroma_busy
I:Loading page fastboot
I:Including file: /twres/pages/pass.xml...
I:PageManager::LoadFileToBuffer loading filename: '/twres/pages/pass.xml' directly
I:Loading resources...
I:Loading variables...
I:Loading mouse cursor...
I:Loading pages...
I:Loading page password_enter
I:Loading page password_enter_num
I:Loading page password_enter_pattern
I:Loading page password_check
I:Loading page pass_pattern
I:Loading page pass_pattern_2
I:Loading page pass_text
I:Loading page pass_text_2
I:Loading page pass_pin
I:Loading page pass_pin_2
I:Loading page pass_remove
I:Loading page pass_check
I:Including file: /twres/pages/install.xml...
I:PageManager::LoadFileToBuffer loading filename: '/twres/pages/install.xml' directly
I:Loading resources...
I:Loading variables...
I:Loading mouse cursor...
I:Loading pages...
I:Loading page flash_confirm
I:Loading page fox_modules_confirm
I:Loading page queueview
I:Loading page flash_image_confirm
I:Loading page flash_image_ab
I:Loading page add_zip
I:Loading page flash_zip
I:Loading page flash_image
I:Loading page flash_done
I:Loading page flash_sleep_and_reboot
I:Loading page flash_image_done
I:Including file: /twres/pages/wipe.xml...
I:PageManager::LoadFileToBuffer loading filename: '/twres/pages/wipe.xml' directly
I:Loading resources...
I:Loading variables...
I:Loading mouse cursor...
I:Loading pages...
I:Loading page wipe
I:Loading page formatdata
I:Loading page formatdata_confirm
I:Loading page wipe_confirm_action
I:Loading page wipe_action_page
I:Loading page wipe_action_complete
I:Loading page checkpartitionlist
I:Loading page partitionoptions
I:Loading page refreshfilesystem
I:Loading page selectfilesystem
I:Loading page part_options
I:Including file: /twres/pages/backup.xml...
I:PageManager::LoadFileToBuffer loading filename: '/twres/pages/backup.xml' directly
I:Loading resources...
I:Loading variables...
I:Loading mouse cursor...
I:Loading pages...
I:Loading page backup
I:Loading page check_storage_back
I:Loading page backup_prep
I:Loading page backupname
I:Loading page backupname_auto
I:Loading page backup_encryption
I:Loading page backup_encryption2
I:Loading page checkbackuppassword
I:Loading page checkbackuppassword2
I:Loading page backup_run
I:Loading page backup_digest
I:Loading page backup_action_complete
I:Including file: /twres/pages/restore.xml...
I:PageManager::LoadFileToBuffer loading filename: '/twres/pages/restore.xml' directly
I:Loading resources...
I:Loading variables...
I:Loading mouse cursor...
I:Loading pages...
I:Loading page restore
I:Loading page restore_prep
I:Loading page restore_read
I:Loading page restore_decrypt
I:Loading page try_restore_decrypt
I:Loading page restore_select
I:Loading page renamebackup
I:Loading page deletebackup
I:Loading page restore_run
I:Loading page restore_confirm_action
I:Loading page restore_action_page
I:Loading page restore_action_complete
I:Including file: /twres/pages/mount.xml...
I:PageManager::LoadFileToBuffer loading filename: '/twres/pages/mount.xml' directly
I:Loading resources...
I:Loading variables...
I:Loading mouse cursor...
I:Loading pages...
I:Loading page mount
I:Loading page usb_mount
I:Loading page system_readonly_check
I:Loading page system_readonly_check_ext_context
I:Loading page system_readonly
I:Loading page system_readonly_mount
I:Loading page decrypt
I:Loading page decrypt_pin
I:Loading page decrypt_pattern
I:Loading page decrypt_redirect
I:Loading page trydecrypt
I:Loading page reapply_settings
I:Loading page decrypt_users
I:Loading page decrypt_users2
I:Including file: /twres/pages/files.xml...
I:PageManager::LoadFileToBuffer loading filename: '/twres/pages/files.xml' directly
I:Loading resources...
I:Loading variables...
I:Loading mouse cursor...
I:Loading pages...
I:Loading page filemanagerlist
I:Loading page file_quick_actions
I:Loading page file_quick_actions_dark
I:Loading page select_path
I:Loading page select_path_dark
I:Loading page files_mkdir
I:Loading page fm_multiselection
I:Loading page fm_ms_actions
I:Loading page file_search
I:Loading page file_dark_search
I:Loading page files_redirect
I:Loading page files_bookmarks_prepare
I:Loading page files_bookmarks
I:Loading page filemanageroptions
I:Loading page openas
I:Loading page fm_file_checksum
I:Loading page fm_file_checksum_calc
I:Loading page fm_file_info
I:Loading page choosedestinationfolder
I:Loading page filemanagerrenamefile
I:Loading page filemanagerrenamefolder
I:Loading page filemanagerchmod
I:Loading page filemanagerchmod_key
I:Loading page filemanagerconfirm
I:Loading page archive_confirm
I:Loading page archive_cmd
I:Loading page filemanageraction
I:Loading page filemanagercomplete
I:Loading page cat_file
I:Including file: /twres/pages/rmmanager.xml...
I:PageManager::LoadFileToBuffer loading filename: '/twres/pages/rmmanager.xml' directly
I:Loading resources...
I:Loading variables...
I:Loading mouse cursor...
I:Loading pages...
I:Loading page modules_mount
I:Loading page modules_unmount
I:Loading page root_modules
I:Loading page module_actions
I:Loading page module_delete
I:Including file: /twres/pages/advanced.xml...
I:PageManager::LoadFileToBuffer loading filename: '/twres/pages/advanced.xml' directly
I:Loading resources...
I:Loading variables...
I:Loading mouse cursor...
I:Loading pages...
I:Loading page advanced
I:Loading page mod_survival
I:Loading page mod_factory_rp
I:Loading page mod_magisk
I:Loading page mod_unmagisk
I:Loading page mod_reset
I:Loading page mod_pass
I:Loading page mod_kernelsu
I:Loading page mod_kernelsu_next
I:Loading page mod_sukisu
I:Loading page fox_modules
I:Loading page partsdcard
I:Loading page terminal
I:Loading page sideload
I:Loading page fixcontexts
I:Loading page apps_load
I:Loading page apps_list
I:Unable to open '/tmp/listapps/list'
I:Unable to open '/tmp/listapps/list'
I:Including file: /twres/pages/reboot.xml...
I:PageManager::LoadFileToBuffer loading filename: '/twres/pages/reboot.xml' directly
I:Loading resources...
I:Loading variables...
I:Loading mouse cursor...
I:Loading pages...
I:Loading page reboot
I:Loading page set_slot
I:Including file: /twres/pages/settings.xml...
I:PageManager::LoadFileToBuffer loading filename: '/twres/pages/settings.xml' directly
I:Loading resources...
I:Loading variables...
I:Loading mouse cursor...
I:Loading pages...
I:Loading page settings
I:Loading page ext_context
I:Loading page ext_general
I:Loading page pass_select
I:Loading page ext_screen
I:Loading page ext_vibrate
I:Loading page ext_backup
I:Loading page ext_time
I:Loading page ext_time_offset
I:Loading page check_zone
I:Loading page ext_time_lang
I:Loading page ext_time_lang_busy
I:Loading page about
I:Loading page about_credits
I:Parsing file: /twres/credits.txt
I:Parsing file: /twres/translators.txt
I:Parsing file: /twres/changelog.txt
I:Loading page ext_gov
I:Loading page ext_backup_quick
I:Including file: /twres/pages/universal.xml...
I:PageManager::LoadFileToBuffer loading filename: '/twres/pages/universal.xml' directly
I:Loading resources...
I:Loading variables...
I:Loading mouse cursor...
I:Loading pages...
I:Loading page filecheck
I:Loading page rebootcheck
I:Loading page rebootcheckoverlay
I:Loading page no_os_warning
I:Loading page clear_vars
I:Loading page confirm_action
I:Loading page action_page
I:Loading page ota_simple
I:Loading page singleaction_page
I:Loading page action_complete
I:Including file: /twres/pages/anywhere.xml...
I:PageManager::LoadFileToBuffer loading filename: '/twres/pages/anywhere.xml' directly
I:Loading resources...
I:Loading variables...
I:Loading mouse cursor...
I:Loading pages...
I:Loading page lock
I:Loading page console
I:Including file: /twres/pages/dialogs.xml...
I:PageManager::LoadFileToBuffer loading filename: '/twres/pages/dialogs.xml' directly
I:Loading resources...
I:Loading variables...
I:Loading mouse cursor...
I:Loading pages...
I:Loading page menu
I:Loading page menu_sort
I:Loading page fm_sort
I:Loading page dialog_magisk_not_found
I:Loading page dialog_modules_cannot_mount
I:Loading page dialog_reset_average
I:Loading page dialog_lost_info
I:Loading page dialog_app
I:Loading page dialog_error_partition
I:Loading page pass_error
I:Loading page dialog_enable_hw_mode
I:Including file: /twres/pages/customization.xml...
I:PageManager::LoadFileToBuffer loading filename: '/twres/pages/customization.xml' directly
I:Loading resources...
I:Loading variables...
I:Loading mouse cursor...
I:Loading pages...
I:Loading page ext_custom_reset
I:Loading page ext_custom_gest
I:Loading page ext_custom
I:Loading page ext_custom_status
I:Loading page ext_custom_key
I:Loading page ext_custom_lock
I:Loading page ext_custom_nav
I:Loading page ext_custom_other
I:Loading page ext_custom_nav_error
I:Loading page ext_custom_nav_no_switch
I:Loading page ext_custom_fonts_check
I:Loading page ext_custom_fonts
I:Loading page ext_custom_fonts_sec
I:Loading page ext_custom_fonts_size
I:Loading page ext_custom_fonts_cn
I:Loading page ext_custom_theme
I:Loading page ext_custom_splash
I:Loading page ext_custom_splash_color
I:Loading page ext_custom_splash_logo
I:Loading page ext_custom_splash_select
I:Loading page apply_changes
I:Loading page apply_splash
I:Loading page get_splash_info
I:Including file: /twres/pages/fox.xml...
I:PageManager::LoadFileToBuffer loading filename: '/twres/pages/fox.xml' directly
I:Loading resources...
I:Loading variables...
I:Loading mouse cursor...
I:Loading pages...
I:Loading page fox_ota
I:Loading page fox_ota_lite
I:Loading page fox_lab
I:Loading page debug_pages
I:Loading page debug
I:Loading page debug_plus
I:Loading page scaling
I:Including file: /sbin/maintainer.xml...
I:PageManager::LoadFileToBuffer loading filename: '/sbin/maintainer.xml' directly
I:PageManager::LoadFileToBuffer loading filename: '/twres/pages/dummy.xml' directly
I:Loading resources...
I:Loading variables...
I:Loading mouse cursor...
I:Loading pages...
I:Loading page maintainer
I:Set overlay: ''
I:Set page: 'clear_vars'
I:Set page: 'navbar'
I:Set page: 'filemanagerlist'
I:Switching packages (OrangeFox)
ro.boot.cm.param.offset=9437632
ro.boot.em.did=2004372263AA1111
ro.boot.em.model=SM-S916B
ro.boot.em.status=0x0
ro.boot.em.rdx_dump=false
ro.boot.im.param.offset=9437232
ro.boot.kg=0x4
ro.boot.kg.ap=AAAA000000000000000004372263AA11
ro.boot.kg.bit=11
ro.boot.me.param.offset=9437312
ro.boot.pd.param.offset=9445516
ro.boot.pr.param.offset=9437472
ro.boot.rp=8
ro.boot.sb.debug0=0x0,0,0,0
ro.boot.sn.param.offset=9437392
ro.boot.wb.hs=E03
ro.boot.wb.snapQB=98011330R
ro.boot.wc.param.offset=9437228
ro.boot.sku.param.offset=9437552
ro.boot.svb.ver=SVB1.0
ro.boot.appcb=6
ro.boot.memcg=1
ro.boot.sales.param.offset=9437648
ro.boot.ulcnt=3
ro.boot.subpcb=8
ro.boot.vbmeta.size=10560
ro.boot.vbmeta.digest=8dc7834d963b01c775563aba1342cc3d9d42455af044ccc01fad236d3c761204
ro.boot.vbmeta.hash_alg=sha256
ro.boot.vbmeta.avb_version=1.2
ro.boot.vbmeta.device_state=unlocked
ro.boot.vib_le.param.offset=9445520
ro.boot.dtb_idx=0
ro.boot.sec_atd.tty=/dev/ttyHS5
ro.boot.selinux=permissive
ro.boot.baseband=msm
ro.boot.dtbo_idx=8
ro.boot.hardware=qcom
ro.boot.prodcode.param.offset=9445416
ro.boot.revision=13
ro.boot.slavepcb=3
ro.boot.ucs_mode=0
ro.boot.ap_serial=0x000004372263AA11
ro.boot.carrierid=TPA
ro.boot.carrierid.param.offset=9437644
ro.boot.dram_info=01,09,00,8G
ro.boot.edtbo_ver=-1
ro.boot.fastbootd=false
ro.boot.keymaster=1
ro.boot.prototype.param.offset=9437660
ro.boot.bootdevice=1d84000.ufshc
ro.boot.bootloader=S916BXXS8DYI4
ro.boot.hdm_status=NONE
ro.boot.sales_code=MXO
ro.boot.swp_config=0
ro.boot.veritymode=enforcing
ro.boot.veritymode.managed=yes
ro.boot.debug_level=0x4f4c
ro.boot.windowcolor.param.offset=9445496
ro.boot.boot_devices=soc/1d84000.ufshc
ro.boot.cp_force_ssr=0xDEADDEAD
ro.boot.edtbo_offset=9438216
ro.boot.force_upload=0x0
ro.boot.warranty_bit=1
ro.boot.boot_recovery=1
ro.boot.upload_offset=9438196
ro.boot.usbcontroller=a600000.dwc3
ro.boot.cp_debug_level=0x55FF
ro.boot.ddr_start_type=1
ro.boot.cp_reserved_mem=off
ro.boot.verifiedbootstate=orange
ro.boot.reserve_mem_region=0x0
ro.boot.first_stage_console=2
ro.baseband=msm
ro.bootmode=unknown
ro.hardware=qcom
ro.revision=13
ro.bootloader=S916BXXS8DYI4
ro.boottime.adbd=4186109477
ro.boottime.init=307195312
ro.boottime.init.modules=1623
ro.boottime.init.selinux=40301927
ro.boottime.init.first_stage=3647240363
ro.boottime.init.cold_boot_wait=168
ro.boottime.logd=4175732498
ro.boottime.ueventd=4004789112
ro.boottime.recovery=4185384789
ro.boottime.health-hal-2-1=10465817963
ro.boottime.servicemanager=4177071769
ro.boottime.hwservicemanager=4176575414
ro.boottime.sec-vibrator-aidl=10466381713
ro.boottime.vndservicemanager=4177531091
ro.bootimage.build.date.utc=1765089412
ro.odm.build.date=Sun Dec  7 06:31:24 UTC 2025
ro.odm.build.date.utc=1765089084
ro.odm.build.version.incremental=eng.runner.20251207.063209
ro.odm.build.fingerprint=samsung/fox_dm2q/dm2q:12/SP2A.220405.004/runner12070631:eng/test-keys
ro.product.odm.name=fox_dm2q
ro.product.odm.brand=samsung
ro.product.odm.model=SM-S916B
ro.product.odm.device=dm2q
ro.product.odm.manufacturer=samsung
ro.build.id=SP2A.220405.004
ro.build.date=Sun Dec  7 06:31:24 UTC 2025
ro.build.date.utc=1765089412
ro.build.host=runnervmyg876
ro.build.tags=test-keys
ro.build.type=eng
ro.build.user=runner
ro.build.flavor=fox_dm2q-eng
ro.build.display.id=fox_dm2q-eng 12 SP2A.220405.004 eng.runner.20251207.063209 test-keys
ro.build.product=dm2q
ro.build.version.sdk=32
ro.build.version.base_os=
ro.build.version.release=12
ro.build.version.codename=REL
ro.build.version.incremental=eng.runner.20251207.063209
ro.build.version.preview_sdk=0
ro.build.version.all_codenames=REL
ro.build.version.security_patch=2029-12-31
ro.build.version.release_or_codename=12
ro.build.version.preview_sdk_fingerprint=REL
ro.build.version.min_supported_target_sdk=23
ro.build.description=fox_dm2q-eng 12 SP2A.220405.004 eng.runner.20251207.063209 test-keys
ro.build.characteristics=default
ro.secure=0
ro.system.build.id=SP2A.220405.004
ro.system.build.date=Sun Dec  7 06:31:24 UTC 2025
ro.system.build.date.utc=1765089084
ro.system.build.tags=test-keys
ro.system.build.type=eng
ro.system.build.version.sdk=32
ro.system.build.version.release=12
ro.system.build.version.incremental=eng.runner.20251207.063209
ro.system.build.version.release_or_codename=12
ro.system.build.fingerprint=samsung/fox_dm2q/dm2q:12/SP2A.220405.004/runner12070631:eng/test-keys
ro.treble.enabled=false
ro.product.cpu.abi=arm64-v8a
ro.product.cpu.abilist=arm64-v8a,armeabi-v7a,armeabi
ro.product.cpu.abilist32=armeabi-v7a,armeabi
ro.product.cpu.abilist64=arm64-v8a
ro.product.name=fox_dm2q
ro.product.brand=samsung
ro.product.build.id=SP2A.220405.004
ro.product.build.date=Sun Dec  7 06:31:24 UTC 2025
ro.product.build.date.utc=1765089084
ro.product.build.tags=test-keys
ro.product.build.type=eng
ro.product.build.version.sdk=32
ro.product.build.version.release=12
ro.product.build.version.incremental=eng.runner.20251207.063209
ro.product.build.version.release_or_codename=12
ro.product.build.fingerprint=samsung/fox_dm2q/dm2q:12/SP2A.220405.004/runner12070631:eng/test-keys
ro.product.model=SM-S916B
ro.product.device=dm2q
ro.product.system.name=fox_dm2q
ro.product.system.brand=samsung
ro.product.system.model=SM-S916B
ro.product.system.device=dm2q
ro.product.system.manufacturer=samsung
ro.product.product.name=fox_dm2q
ro.product.product.brand=samsung
ro.product.product.model=SM-S916B
ro.product.product.device=dm2q
ro.product.product.manufacturer=samsung
ro.product.system_ext.name=fox_dm2q
ro.product.system_ext.brand=samsung
ro.product.system_ext.model=SM-S916B
ro.product.system_ext.device=dm2q
ro.product.system_ext.manufacturer=samsung
ro.product.manufacturer=samsung
ro.debuggable=1
ro.system_ext.build.id=SP2A.220405.004
ro.system_ext.build.date=Sun Dec  7 06:31:24 UTC 2025
ro.system_ext.build.date.utc=1765089084
ro.system_ext.build.tags=test-keys
ro.system_ext.build.type=eng
ro.system_ext.build.version.sdk=32
ro.system_ext.build.version.release=12
ro.system_ext.build.version.incremental=eng.runner.20251207.063209
ro.system_ext.build.version.release_or_codename=12
ro.system_ext.build.fingerprint=samsung/fox_dm2q/dm2q:12/SP2A.220405.004/runner12070631:eng/test-keys
ro.actionable_compatible_property.enabled=true
ro.vendor.build.id=SP2A.220405.004
ro.vendor.build.date=Sun Dec  7 06:31:24 UTC 2025
ro.vendor.build.date.utc=1765089084
ro.vendor.build.tags=test-keys
ro.vendor.build.type=eng
ro.vendor.build.version.sdk=32
ro.vendor.build.version.release=12
ro.vendor.build.version.incremental=eng.runner.20251207.063209
ro.vendor.build.version.release_or_codename=12
ro.vendor.build.fingerprint=samsung/fox_dm2q/dm2q:12/SP2A.220405.004/runner12070631:eng/test-keys
ro.vendor.product.cpu.abilist=arm64-v8a,armeabi-v7a,armeabi
ro.vendor.product.cpu.abilist32=armeabi-v7a,armeabi
ro.vendor.product.cpu.abilist64=arm64-v8a
ro.product.board=kalama
ro.product.vendor.name=fox_dm2q
ro.product.vendor.brand=samsung
ro.product.vendor.model=SM-S916B
ro.product.vendor.device=dm2q
ro.product.vendor.manufacturer=samsung
ro.cold_boot_done=true
ro.bionic.arch=arm64
ro.bionic.2nd_arch=arm
ro.bionic.cpu_variant=kryo300
ro.bionic.2nd_cpu_variant=cortex-a75
ro.dalvik.vm.native.bridge=0
ro.zygote=zygote64_32
dalvik.vm.isa.arm.variant=cortex-a75
dalvik.vm.isa.arm.features=default
dalvik.vm.isa.arm64.variant=kryo300
dalvik.vm.isa.arm64.features=default
dalvik.vm.dexopt.secondary=true
dalvik.vm.dexopt.thermal-cutoff=2
dalvik.vm.usejit=true
dalvik.vm.madvise.artfile.size=4294967295
dalvik.vm.madvise.odexfile.size=104857600
dalvik.vm.madvise.vdexfile.size=104857600
dalvik.vm.lockprof.threshold=500
dalvik.vm.dex2oat-Xms=64m
dalvik.vm.dex2oat-Xmx=512m
dalvik.vm.minidebuginfo=true
dalvik.vm.appimageformat=lz4
dalvik.vm.usejitprofiles=true
dalvik.vm.image-dex2oat-Xms=64m
dalvik.vm.image-dex2oat-Xmx=64m
dalvik.vm.image-dex2oat-filter=extract
dalvik.vm.dex2oat-minidebuginfo=true
dalvik.vm.dex2oat-max-image-block-size=524288
dalvik.vm.dex2oat-resolve-startup-strings=true
dalvik.vm.dex2oat-updatable-bcp-packages-file=/system/etc/updatable-bcp-packages.txt
persist.sys.dalvik.vm.lib.2=libart.so
debug.atrace.tags.enableflags=0
ro.twrp.fastbootd=0
ro.wifi.channels=
ro.allow.mock.location=1
ro.build.date.utc_fox=1765089412
ro.build.fox_id=adb96af0-b7a4-4cdc-acc1-c7a4709a3ace
ro.build.selinux=1
ro.build.fox_codebase=2023-09-04 (10846eac)
ro.iorapd.enable=true
ro.kernel.android.checkjni=1
ro.kernel.version=5.15
ro.system.product.cpu.abilist=arm64-v8a,armeabi-v7a,armeabi
ro.system.product.cpu.abilist32=armeabi-v7a,armeabi
ro.system.product.cpu.abilist64=arm64-v8a
ro.product.locale=en-US
ro.bootimage.build.date.utc_fox=1765089412
ro.fastbootd.available=1
ro.orangefox.boot=1
ro.orangefox.boot.header.version=2
ro.orangefox.type=Unofficial
ro.orangefox.build=orangefox
ro.orangefox.release.version=R11.3_4
ro.orangefox.variant=Stable
ro.orangefox.crypto_enabled=0
ro.postinstall.fstab.prefix=/system
fbe.contents=aes-256-xts
fbe.filenames=aes-256-cts:v2+inlinecrypt_optimized+wrappedkey_v0
twrp.super.symlinks_created=true
twrp.modules.loaded=true
fstab.additional=1
metadata.contents=aes-256-xts
metadata.filenames=wrappedkey_v0
orangefox.super.partition=true
orangefox.crash_counter=0
orangefox.action_complete=0
keymaster_ver=4.x
of_skip_fbe_decryption=true
tw_boot_header_version=2
ro.boot.fstab_suffix=default
ro.boot.dynamic_partitions=true
ro.hwui.use_vulkan=
ro.board.platform=kalama
ro.carrier=unknown
pm.dexopt.ab-ota=speed-profile
pm.dexopt.shared=speed
pm.dexopt.cmdline=verify
pm.dexopt.install=speed-profile
pm.dexopt.inactive=verify
pm.dexopt.bg-dexopt=speed-profile
pm.dexopt.first-boot=extract
pm.dexopt.install-bulk=speed-profile
pm.dexopt.install-fast=skip
pm.dexopt.install-bulk-secondary=verify
pm.dexopt.install-bulk-downgraded=verify
pm.dexopt.install-bulk-secondary-downgraded=extract
sys.usb.ffs.ready=1
ro.build.fingerprint=samsung/fox_dm2q/dm2q:12/SP2A.220405.004/eng.runner.20251207.063209:eng/test-keys
ro.gsid.image_running=0
gsid.image_installed=0
hwservicemanager.ready=true
sys.init.perf_lsm_hooks=1
init.svc.logd=running
init.svc.ueventd=running
init.svc.recovery=running
init.svc.health-hal-2-1=running
init.svc.servicemanager=running
init.svc.hwservicemanager=running
init.svc.sec-vibrator-aidl=running
init.svc.vndservicemanager=running
init.svc.adbd=running
init.svc_debug_pid.adbd=764
init.svc_debug_pid.logd=698
init.svc_debug_pid.ueventd=688
init.svc_debug_pid.recovery=705
init.svc_debug_pid.health-hal-2-1=765
init.svc_debug_pid.servicemanager=700
init.svc_debug_pid.hwservicemanager=699
init.svc_debug_pid.sec-vibrator-aidl=766
init.svc_debug_pid.vndservicemanager=701
keyguard.no_require_sim=true
log.tag.stats_log=I
ro.logd.size.stats=64K
ro.logd.kernel=true
persist.debug.dalvik.vm.core_platform_api_policy=just-warn
pm.dexopt.post-boot=extract
pm.dexopt.boot-after-ota=extract
ro.property_service.version=2
ro.minui.pixel_format=RGBX_8888
ro.minui.overscan_percent=0
ro.boot.serialno=R5CW82XYYDL
ro.serialno=R5CW82XYYDL
service.adb.root=1
external_storage.projid.enabled=1
external_storage.casefold.enabled=1
external_storage.sdcardfs.enabled=0
dev.mnt.blk.mnt.vendor.persist=sda
dev.mnt.blk.odm=
dev.mnt.blk.omr=sda
dev.mnt.blk.data=sda
dev.mnt.blk.cache=sda
dev.mnt.blk.sdcard=sda
dev.mnt.blk.vendor=
dev.mnt.blk.persist=
dev.mnt.blk.product=
dev.mnt.blk.firmware=
dev.mnt.blk.system_ext=
dev.mnt.blk.system_dlkm=
dev.mnt.blk.vendor_dlkm=
net.bt.name=Android
persist.sys.usb.config=adb
persist.sys.fuse.passthrough.enable=true
persist.sys.disable_rescue=true
ro.config.ringtone=Ring_Synth_04.ogg
ro.config.alarm_alert=Alarm_Classic.ogg
ro.config.notification_sound=OnTheHunt.ogg
ro.com.android.dataroaming=true
tombstoned.max_tombstone_count=50
persist.traced.enable=1
sys.usb.state=adb
sys.usb.config=adb
sys.usb.configfs=0
sys.usb.controller=dummy_udc.0
ro.odm.build.id=SP2A.220405.004
ro.odm.build.tags=test-keys
ro.odm.build.type=eng
ro.odm.build.version.sdk=32
ro.odm.build.version.release=12
ro.odm.build.version.release_or_codename=12
ro.odm.product.cpu.abilist=arm64-v8a,armeabi-v7a,armeabi
ro.odm.product.cpu.abilist32=armeabi-v7a,armeabi
ro.odm.product.cpu.abilist64=arm64-v8a
ro.vendor.build.security_patch=2029-12-31
ro.vndk.version=32

I:Overriding ro.build.date.utc with value: "0"
I:Overriding ro.bootimage.build.date.utc with value: "0"
I:Overriding ro.vendor.build.date.utc with value: "0"
I:Overriding ro.system.build.date.utc with value: "0"
I:Overriding ro.system_ext.build.date.utc with value: "0"
I:Overriding ro.product.build.date.utc with value: "0"
I:Overriding ro.odm.build.date.utc with value: "0"
I:DEBUG: OrangeFox: running the startup script...
FOX_BUILD_DATE=Sun Dec 7 06:36:52 2025
DEBUG: OrangeFox: FOX_DEVICE=dm2q
DEBUG: OrangeFox: FOX_KERNEL=5.15.184-g7100b59a
DEBUG: OrangeFox: SYSTEM_ROOT=1
DEBUG: OrangeFox: PROPER_SAR=1
DEBUG: OrangeFox: FOX_SCRIPT_DATE=20251120
DEBUG: OrangeFox: ANDROID_SDK=33
DEBUG: OrangeFox: INCREMENTAL_VERSION=S916BXXS8EYK2
DEBUG: OrangeFox: RELEASE_VERSION=13
DEBUG: OrangeFox: BUILD_FLAVOR=r0qxxx-user
DEBUG: OrangeFox: ROM_FINGERPRINT=samsung/dm2qxxx/dm2q:13/TP1A.220624.014/S916BXXS8EYK2:user/release-keys
DEBUG: OrangeFox: check for MIUI.
DEBUG: OrangeFox: detected a Custom ROM.
DEBUG: OrangeFox: Fox properties:
[orangefox.action_complete]: [0]
[orangefox.crash_counter]: [0]
[orangefox.miui.rom]: [0]
[orangefox.postinit.status]: [1]
[orangefox.product.block_device]: [/dev/block/dm-2]
[orangefox.product.mount_point]: [/product]
[orangefox.product.partition]: [1]
[orangefox.rom.sdk]: [33]
[orangefox.super.block_device]: [/dev/block/by-name/super]
[orangefox.super.mount_point]: [/super]
[orangefox.super.partition]: [true]
[orangefox.system.block_device]: [/dev/block/dm-0]
[orangefox.system.fingerprint]: [samsung/dm2qxxx/dm2q:13/TP1A.220624.014/S916BXXS8EYK2:user/release-keys]
[orangefox.system.incremental]: [S916BXXS8EYK2]
[orangefox.system.mount_point]: [/system_root]
[orangefox.system.release]: [13]
[orangefox.vendor.block_device]: [/dev/block/dm-1]
[orangefox.vendor.mount_point]: [/vendor]
[ro.orangefox.boot]: [1]
[ro.orangefox.boot.header.version]: [2]
[ro.orangefox.build]: [orangefox]
[ro.orangefox.crypto_enabled]: [0]
[ro.orangefox.home]: [/omr/OrangeFox/Fox]
[ro.orangefox.kernel]: [5.15.184-g7100b59a]
[ro.orangefox.release.version]: [R11.3_4]
[ro.orangefox.sar]: [1]
[ro.orangefox.settings]: [/omr/OrangeFox/Fox]
[ro.orangefox.type]: [Unofficial]
[ro.orangefox.variant]: [Stable]
I:Process ended with no errors.
I:- Using the ROM's incremental version (S916BXXS8EYK2)
I:- Using the ROM's fingerprint (samsung/dm2qxxx/dm2q:13/TP1A.220624.014/S916BXXS8EYK2:user/release-keys)
I:Process ended with no errors.
Updating partition details...
I:Data backup size is 64564MB, free: 44993MB.
...done
tw_get_context got selinux context: u:object_r:unlabeled:s0, file: /omr/OrangeFox/Fox
I:Got default contexts and file mode for storage files.
SELinux contexts loaded from /file_contexts
Full SELinux support is present.
I:Switching packages (OrangeFox)


Partition Logs:
/system_root | /dev/block/dm-0 | Size: 4999MB Used: 4999MB Free: 0MB Backup Size: 4999MB
   Flags: Can_Be_Mounted IsPresent Mount_Read_Only Is_Super 
   Primary_Block_Device: /dev/block/dm-0
   Display_Name: System
   Storage_Name: System
   Backup_Path: /system_root
   Backup_Name: system
   Backup_Display_Name: System
   Storage_Path: /system_root
   Current_File_System: erofs
   Fstab_File_System: erofs
   Backup_Method: files

/system_ext | /dev/block/dm-3 | Size: 141MB Used: 141MB Free: 0MB Backup Size: 141MB
   Flags: Can_Be_Mounted IsPresent Mount_Read_Only Is_Super 
   Primary_Block_Device: /dev/block/dm-3
   Display_Name: System EXT
   Storage_Name: System_EXT
   Backup_Path: /system_ext
   Backup_Name: System_EXT
   Backup_Display_Name: System_EXT
   Storage_Path: /system_ext
   Current_File_System: erofs
   Fstab_File_System: erofs
   Backup_Method: files

/system_dlkm | /dev/block/dm-6 | Size: 0MB Used: 0MB Free: 0MB Backup Size: 0MB
   Flags: Can_Be_Mounted IsPresent Mount_Read_Only Is_Super 
   Primary_Block_Device: /dev/block/dm-6
   Display_Name: System DLKM
   Storage_Name: system_dlkm
   Backup_Path: /system_dlkm
   Backup_Name: system_dlkm
   Backup_Display_Name: system_dlkm
   Storage_Path: /system_dlkm
   Current_File_System: erofs
   Fstab_File_System: erofs
   Backup_Method: files

/vendor | /dev/block/dm-1 | Size: 1937MB Used: 1937MB Free: 0MB Backup Size: 1937MB
   Flags: Can_Be_Mounted IsPresent Mount_Read_Only Is_Super 
   Primary_Block_Device: /dev/block/dm-1
   Display_Name: Vendor
   Storage_Name: Vendor
   Backup_Path: /vendor
   Backup_Name: vendor
   Backup_Display_Name: Vendor
   Storage_Path: /vendor
   Current_File_System: erofs
   Fstab_File_System: erofs
   Backup_Method: files

/vendor_dlkm | /dev/block/dm-5 | Size: 29MB Used: 29MB Free: 0MB Backup Size: 29MB
   Flags: Can_Be_Mounted IsPresent Mount_Read_Only Is_Super 
   Primary_Block_Device: /dev/block/dm-5
   Display_Name: Vendor DLKM
   Storage_Name: Vendor DLKM
   Backup_Path: /vendor_dlkm
   Backup_Name: vendor_dlkm
   Backup_Display_Name: Vendor DLKM
   Storage_Path: /vendor_dlkm
   Current_File_System: erofs
   Fstab_File_System: erofs
   Backup_Method: files

/product | /dev/block/dm-2 | Size: 791MB Used: 791MB Free: 0MB Backup Size: 791MB
   Flags: Can_Be_Mounted IsPresent Mount_Read_Only Is_Super 
   Primary_Block_Device: /dev/block/dm-2
   Display_Name: Product
   Storage_Name: Product
   Backup_Path: /product
   Backup_Name: Product
   Backup_Display_Name: Product
   Storage_Path: /product
   Current_File_System: erofs
   Fstab_File_System: erofs
   Backup_Method: files

/odm | /dev/block/dm-4 | Size: 0MB Used: 0MB Free: 0MB Backup Size: 0MB
   Flags: Can_Be_Mounted IsPresent Mount_Read_Only Is_Super 
   Primary_Block_Device: /dev/block/dm-4
   Display_Name: ODM
   Storage_Name: ODM
   Backup_Path: /odm
   Backup_Name: ODM
   Backup_Display_Name: ODM
   Storage_Path: /odm
   Current_File_System: erofs
   Fstab_File_System: erofs
   Backup_Method: files

/misc | /dev/block/sda10 | Size: 1MB
   Flags: IsPresent 
   Primary_Block_Device: /dev/block/sda10
   Display_Name: misc
   Storage_Name: misc
   Backup_Path: /misc
   Backup_Name: misc
   Backup_Display_Name: misc
   Storage_Path: /misc
   Current_File_System: emmc
   Fstab_File_System: emmc
   Backup_Method: dd

/boot | /dev/block/sda25 | Size: 96MB
   Flags: Can_Be_Backed_Up IsPresent Can_Flash_Img 
   Primary_Block_Device: /dev/block/sda25
   Display_Name: Boot
   Storage_Name: Boot
   Backup_Path: /boot
   Backup_Name: boot
   Backup_Display_Name: Boot
   Storage_Path: /boot
   Current_File_System: emmc
   Fstab_File_System: emmc
   Backup_Method: dd

/cache | /dev/block/sda33 | Size: 758MB Used: 0MB Free: 758MB Backup Size: 0MB
   Flags: Can_Be_Mounted Can_Be_Wiped Wipe_During_Factory_Reset Wipe_Available_in_GUI IsPresent 
   Primary_Block_Device: /dev/block/sda33
   Display_Name: Cache
   Storage_Name: Cache
   Backup_Path: /cache
   Backup_Name: cache
   Backup_Display_Name: Cache
   Storage_Path: /cache
   Current_File_System: ext4
   Fstab_File_System: ext4
   Backup_Method: files

/dsp | /dev/block/sda17 | Size: 64MB
   Flags: IsPresent 
   Primary_Block_Device: /dev/block/sda17
   Display_Name: dsp
   Storage_Name: dsp
   Backup_Path: /dsp
   Backup_Name: dsp
   Backup_Display_Name: dsp
   Storage_Path: /dsp
   Current_File_System: emmc
   Fstab_File_System: emmc
   Backup_Method: dd

/dtbo | /dev/block/sda37 | Size: 16MB
   Flags: Can_Be_Backed_Up IsPresent Can_Flash_Img 
   Primary_Block_Device: /dev/block/sda37
   Display_Name: DTBO
   Storage_Name: DTBO
   Backup_Path: /dtbo
   Backup_Name: dtbo
   Backup_Display_Name: DTBO
   Storage_Path: /dtbo
   Current_File_System: emmc
   Fstab_File_System: emmc
   Backup_Method: dd

/efs | /dev/block/sda6 | Size: 13MB Used: 0MB Free: 12MB Backup Size: 0MB
   Flags: Can_Be_Mounted Can_Be_Wiped Can_Be_Backed_Up IsPresent 
   Primary_Block_Device: /dev/block/sda6
   Display_Name: EFS
   Storage_Name: EFS
   Backup_Path: /efs
   Backup_Name: efs
   Backup_Display_Name: EFS
   Storage_Path: /efs
   Current_File_System: ext4
   Fstab_File_System: ext4
   Backup_Method: files

/efuse |  | Size: 0MB
   Flags: 
   Primary_Block_Device: /dev/block/bootdevice/by-name/efuse
   Display_Name: efuse
   Storage_Name: efuse
   Backup_Path: /efuse
   Backup_Name: efuse
   Backup_Display_Name: efuse
   Storage_Path: /efuse
   Current_File_System: emmc
   Fstab_File_System: emmc
   Backup_Method: dd

/firmware | /dev/block/sda19 | Size: 150MB
   Flags: Can_Be_Backed_Up IsPresent 
   Primary_Block_Device: /dev/block/sda19
   Display_Name: Firmware
   Storage_Name: Firmware
   Backup_Path: /firmware
   Backup_Name: firmware
   Backup_Display_Name: Firmware
   Storage_Path: /firmware
   Current_File_System: emmc
   Fstab_File_System: emmc
   Backup_Method: dd

/imagefv | /dev/block/sde22 | Size: 10MB
   Flags: IsPresent 
   Primary_Block_Device: /dev/block/sde22
   Display_Name: imagefv
   Storage_Name: imagefv
   Backup_Path: /imagefv
   Backup_Name: imagefv
   Backup_Display_Name: imagefv
   Storage_Path: /imagefv
   Current_File_System: emmc
   Fstab_File_System: emmc
   Backup_Method: dd

/init_boot | /dev/block/sda26 | Size: 8MB
   Flags: Can_Be_Backed_Up IsPresent Can_Flash_Img 
   Primary_Block_Device: /dev/block/sda26
   Display_Name: Init Boot
   Storage_Name: Init Boot
   Backup_Path: /init_boot
   Backup_Name: init_boot
   Backup_Display_Name: Init Boot
   Storage_Path: /init_boot
   Current_File_System: emmc
   Fstab_File_System: emmc
   Backup_Method: dd

/modem | /dev/block/sda24 | Size: 188MB
   Flags: Can_Be_Backed_Up IsPresent 
   Primary_Block_Device: /dev/block/sda24
   Display_Name: Modem
   Storage_Name: Modem
   Backup_Path: /modem
   Backup_Name: modem
   Backup_Display_Name: Modem
   Storage_Path: /modem
   Current_File_System: emmc
   Fstab_File_System: emmc
   Backup_Method: dd

/odm_image | /dev/block/dm-4 | Size: 0MB
   Flags: IsPresent 
   Primary_Block_Device: /dev/block/dm-4
   Display_Name: ODM Image
   Storage_Name: ODM Image
   Backup_Path: /odm_image
   Backup_Name: odm_image
   Backup_Display_Name: ODM Image
   Storage_Path: /odm_image
   Current_File_System: emmc
   Fstab_File_System: emmc
   Backup_Method: dd

/omr | /dev/block/sda35 | Size: 94MB Used: 55MB Free: 38MB Backup Size: 55MB
   Flags: Can_Be_Mounted Can_Be_Wiped Can_Be_Backed_Up IsPresent Can_Flash_Img 
   Primary_Block_Device: /dev/block/sda35
   Display_Name: OMR
   Storage_Name: OMR
   Backup_Path: /omr
   Backup_Name: omr
   Backup_Display_Name: OMR
   Storage_Path: /omr
   Current_File_System: ext4
   Fstab_File_System: ext4
   Backup_Method: files

/omr_image | /dev/block/sda35 | Size: 100MB
   Flags: IsPresent 
   Primary_Block_Device: /dev/block/sda35
   Display_Name: OMR Image
   Storage_Name: OMR Image
   Backup_Path: /omr_image
   Backup_Name: omr_image
   Backup_Display_Name: OMR Image
   Storage_Path: /omr_image
   Current_File_System: emmc
   Fstab_File_System: emmc
   Backup_Method: dd

/optics | /dev/block/sda32 | Size: 28MB Used: 1MB Free: 27MB Backup Size: 1MB
   Flags: Can_Be_Mounted Can_Be_Wiped Can_Be_Backed_Up IsPresent Can_Flash_Img 
   Primary_Block_Device: /dev/block/sda32
   Display_Name: Optics
   Storage_Name: Optics
   Backup_Path: /optics
   Backup_Name: optics
   Backup_Display_Name: Optics
   Storage_Path: /optics
   Current_File_System: ext4
   Fstab_File_System: ext4
   Backup_Method: files

/optics_image | /dev/block/sda32 | Size: 30MB
   Flags: IsPresent 
   Primary_Block_Device: /dev/block/sda32
   Display_Name: Optics Image
   Storage_Name: Optics Image
   Backup_Path: /optics_image
   Backup_Name: optics_image
   Backup_Display_Name: Optics Image
   Storage_Path: /optics_image
   Current_File_System: emmc
   Fstab_File_System: emmc
   Backup_Method: dd

/persist | /dev/block/sda5 | Size: 27MB Used: 1MB Free: 25MB Backup Size: 1MB
   Flags: Can_Be_Mounted Can_Be_Wiped IsPresent 
   Primary_Block_Device: /dev/block/sda5
   Display_Name: Persist
   Storage_Name: Persist
   Backup_Path: /persist
   Backup_Name: persist
   Backup_Display_Name: Persist
   Storage_Path: /persist
   Current_File_System: ext4
   Fstab_File_System: ext4
   Backup_Method: files

/preloader |  | Size: 0MB
   Flags: 
   Primary_Block_Device: /dev/block/bootdevice/by-name/bootloader
   Display_Name: preloader
   Storage_Name: preloader
   Backup_Path: /preloader
   Backup_Name: preloader
   Backup_Display_Name: preloader
   Storage_Path: /preloader
   Current_File_System: emmc
   Fstab_File_System: emmc
   Backup_Method: dd

/prism | /dev/block/sda31 | Size: 1356MB Used: 500MB Free: 855MB Backup Size: 500MB
   Flags: Can_Be_Mounted Can_Be_Wiped Can_Be_Backed_Up IsPresent Can_Flash_Img 
   Primary_Block_Device: /dev/block/sda31
   Display_Name: Prism
   Storage_Name: Prism
   Backup_Path: /prism
   Backup_Name: prism
   Backup_Display_Name: Prism
   Storage_Path: /prism
   Current_File_System: ext4
   Fstab_File_System: ext4
   Backup_Method: files

/prism_image | /dev/block/sda31 | Size: 1400MB
   Flags: IsPresent 
   Primary_Block_Device: /dev/block/sda31
   Display_Name: Prism Image
   Storage_Name: Prism Image
   Backup_Path: /prism_image
   Backup_Name: prism_image
   Backup_Display_Name: Prism Image
   Storage_Path: /prism_image
   Current_File_System: emmc
   Fstab_File_System: emmc
   Backup_Method: dd

/product_image | /dev/block/dm-2 | Size: 791MB
   Flags: IsPresent 
   Primary_Block_Device: /dev/block/dm-2
   Display_Name: Product Image
   Storage_Name: Product Image
   Backup_Path: /product_image
   Backup_Name: product_image
   Backup_Display_Name: Product Image
   Storage_Path: /product_image
   Current_File_System: emmc
   Fstab_File_System: emmc
   Backup_Method: dd

/recovery | /dev/block/sda27 | Size: 104MB
   Flags: IsPresent Can_Flash_Img 
   Primary_Block_Device: /dev/block/sda27
   Display_Name: Recovery
   Storage_Name: Recovery
   Backup_Path: /recovery
   Backup_Name: recovery
   Backup_Display_Name: Recovery
   Storage_Path: /recovery
   Current_File_System: emmc
   Fstab_File_System: emmc
   Backup_Method: dd

/sec_efs | /dev/block/sda9 | Size: 13MB Used: 5MB Free: 7MB Backup Size: 5MB
   Flags: Can_Be_Mounted Can_Be_Wiped Can_Be_Backed_Up IsPresent 
   Primary_Block_Device: /dev/block/sda9
   Display_Name: SEC EFS
   Storage_Name: SEC EFS
   Backup_Path: /sec_efs
   Backup_Name: sec_efs
   Backup_Display_Name: SEC EFS
   Storage_Path: /sec_efs
   Current_File_System: ext4
   Fstab_File_System: ext4
   Backup_Method: files

/system_dlkm_image | /dev/block/dm-6 | Size: 0MB
   Flags: IsPresent 
   Primary_Block_Device: /dev/block/dm-6
   Display_Name: System DLKM Image
   Storage_Name: System DLKM Image
   Backup_Path: /system_dlkm_image
   Backup_Name: system_dlkm_image
   Backup_Display_Name: System DLKM Image
   Storage_Path: /system_dlkm_image
   Current_File_System: emmc
   Fstab_File_System: emmc
   Backup_Method: dd

/system_ext_image | /dev/block/dm-3 | Size: 141MB
   Flags: IsPresent 
   Primary_Block_Device: /dev/block/dm-3
   Display_Name: System EXT Image
   Storage_Name: System EXT Image
   Backup_Path: /system_ext_image
   Backup_Name: system_ext_image
   Backup_Display_Name: System EXT Image
   Storage_Path: /system_ext_image
   Current_File_System: emmc
   Fstab_File_System: emmc
   Backup_Method: dd

/system_image | /dev/block/dm-0 | Size: 4999MB
   Flags: IsPresent 
   Primary_Block_Device: /dev/block/dm-0
   Display_Name: System Image
   Storage_Name: System Image
   Backup_Path: /system_image
   Backup_Name: system_image
   Backup_Display_Name: System Image
   Storage_Path: /system_image
   Current_File_System: emmc
   Fstab_File_System: emmc
   Backup_Method: dd

/usb_otg |  | Size: 0MB Used: 0MB Free: 0MB Backup Size: 0MB
   Flags: Can_Be_Mounted Can_Be_Wiped Removable Is_Storage 
   Primary_Block_Device: /dev/block/sdg1
   Alternate_Block_Device: /dev/block/sdg
   Display_Name: USB OTG
   Storage_Name: USB OTG
   Backup_Path: /usb_otg
   Backup_Name: usb_otg
   Backup_Display_Name: USB OTG
   Storage_Path: /usb_otg
   Current_File_System: auto
   Fstab_File_System: auto
   Backup_Method: files
   MTP_Storage_ID: 65537

/vbmeta | /dev/block/sde20 | Size: 0MB
   Flags: IsPresent 
   Primary_Block_Device: /dev/block/sde20
   Display_Name: VBMeta
   Storage_Name: VBMeta
   Backup_Path: /vbmeta
   Backup_Name: vbmeta
   Backup_Display_Name: VBMeta
   Storage_Path: /vbmeta
   Current_File_System: emmc
   Fstab_File_System: emmc
   Backup_Method: dd

/vbmeta_samsung |  | Size: 0MB
   Flags: 
   Primary_Block_Device: /dev/block/bootdevice/by-name/vbmeta_samsung
   Display_Name: vbmeta_samsung
   Storage_Name: vbmeta_samsung
   Backup_Path: /vbmeta_samsung
   Backup_Name: vbmeta_samsung
   Backup_Display_Name: vbmeta_samsung
   Storage_Path: /vbmeta_samsung
   Current_File_System: emmc
   Fstab_File_System: emmc
   Backup_Method: dd

/vbmeta_system | /dev/block/sda22 | Size: 0MB
   Flags: IsPresent 
   Primary_Block_Device: /dev/block/sda22
   Display_Name: vbmeta_system
   Storage_Name: vbmeta_system
   Backup_Path: /vbmeta_system
   Backup_Name: vbmeta_system
   Backup_Display_Name: vbmeta_system
   Storage_Path: /vbmeta_system
   Current_File_System: emmc
   Fstab_File_System: emmc
   Backup_Method: dd

/vendor_boot | /dev/block/sda28 | Size: 96MB
   Flags: Can_Be_Backed_Up IsPresent Can_Flash_Img 
   Primary_Block_Device: /dev/block/sda28
   Display_Name: Vendor Boot
   Storage_Name: Vendor Boot
   Backup_Path: /vendor_boot
   Backup_Name: vendor_boot
   Backup_Display_Name: Vendor Boot
   Storage_Path: /vendor_boot
   Current_File_System: emmc
   Fstab_File_System: emmc
   Backup_Method: dd

/vendor_dlkm_image | /dev/block/dm-5 | Size: 29MB
   Flags: IsPresent 
   Primary_Block_Device: /dev/block/dm-5
   Display_Name: Vendor DLKM Image
   Storage_Name: Vendor DLKM Image
   Backup_Path: /vendor_dlkm_image
   Backup_Name: vendor_dlkm_image
   Backup_Display_Name: Vendor DLKM Image
   Storage_Path: /vendor_dlkm_image
   Current_File_System: emmc
   Fstab_File_System: emmc
   Backup_Method: dd

/vendor_image | /dev/block/dm-1 | Size: 1937MB
   Flags: IsPresent 
   Primary_Block_Device: /dev/block/dm-1
   Display_Name: Vendor Image
   Storage_Name: Vendor Image
   Backup_Path: /vendor_image
   Backup_Name: vendor_image
   Backup_Display_Name: Vendor Image
   Storage_Path: /vendor_image
   Current_File_System: emmc
   Fstab_File_System: emmc
   Backup_Method: dd

/vm-bootsys | /dev/block/sda29 | Size: 247MB Used: 232MB Free: 15MB Backup Size: 232MB
   Flags: Can_Be_Mounted Can_Be_Wiped IsPresent 
   Primary_Block_Device: /dev/block/sda29
   Display_Name: VM-bootsys
   Storage_Name: VM-bootsys
   Backup_Path: /vm-bootsys
   Backup_Name: vm-bootsys
   Backup_Display_Name: VM-bootsys
   Storage_Path: /vm-bootsys
   Current_File_System: ext4
   Fstab_File_System: ext4
   Backup_Method: files

/metadata | /dev/block/sda23 | Size: 23MB Used: 0MB Free: 23MB Backup Size: 0MB
   Flags: Can_Be_Mounted Can_Be_Wiped Wipe_Available_in_GUI IsPresent 
   Primary_Block_Device: /dev/block/sda23
   Display_Name: Metadata
   Storage_Name: Metadata
   Backup_Path: /metadata
   Backup_Name: metadata
   Backup_Display_Name: Metadata
   Storage_Path: /metadata
   Current_File_System: ext4
   Fstab_File_System: ext4
   Backup_Method: files
   Mount_Flags: 1046, Mount_Options: noauto_da_alloc,discard,journal_checksum,data=ordered

/data | /dev/block/sda41 | Size: 227389MB Used: 64564MB Free: 44993MB Backup Size: 64564MB
   Flags: Can_Be_Mounted Can_Be_Wiped Can_Be_Backed_Up Wipe_During_Factory_Reset Wipe_Available_in_GUI IsPresent Has_Data_Media Can_Encrypt_Backup Use_Userdata_Encryption Is_Storage Is_Settings_Storage 
   Symlink_Path: /data/media/0
   Symlink_Mount_Point: /sdcard
   Primary_Block_Device: /dev/block/sda41
   Display_Name: Data
   Storage_Name: Internal Storage
   Backup_Path: /data
   Backup_Name: data
   Backup_Display_Name: Data
   Storage_Path: /data/media/0
   Current_File_System: f2fs
   Fstab_File_System: f2fs
   Backup_Method: files
   Mount_Flags: 1030, Mount_Options: discard,usrquota,grpquota,fsync_mode=nobarrier,reserve_root=32768,resgid=5678,inlinecrypt
   MTP_Storage_ID: 65538
   Metadata Key Directory: /metadata/vold/metadata_encryption

/super | /dev/block/by-name/super | Size: 12078MB
   Flags: Can_Be_Backed_Up IsPresent Can_Flash_Img 
   Alternate_Block_Device: /dev/block/by-name/super
   Display_Name: super
   Backup_Path: /super
   Backup_Name: super
   Backup_Display_Name: Super (system system_ext system_dlkm vendor vendor_dlkm)
   Current_File_System: emmc
   Backup_Method: dd

I:Attempt to load settings from settings file...
I:InfoManager file '/omr/OrangeFox/Fox/.foxs' not found.
I:Backup folder set to '/data/media/0/Fox/BACKUPS/SM-S916B'
I:Version number saved to '/cache/recovery/.version'
I:Unable to mount '/usb_otg'
I:Actual block device: '', current file system: 'auto'
I:TWFunc::Set_Brightness: Setting brightness control to 215
I:PassBak: Loaded backup
--------------------------
Welcome to OrangeFox Recovery!
[Release]   : R11.3_4
[Variant]   : Stable
[Codebase]  : 32, 2023-09-04 (10846eac)
[Settings]  : /omr/OrangeFox/Fox
[Misc]      : /omr/OrangeFox/Fox
[Build date]: Sun Dec  7 06:36:52 2025
[Build type]: Unofficial
[Support]   : No official support for unknown builds

OrangeFox websites:
[Downloads] : https://orangefox.download/
[Guides/FAQ]: https://wiki.orangefox.tech/guides/
--------------------------
I:DEBUG: OrangeFox: the startup script has been executed.
* Storage is not encrypted
* Platform:   dm2q
* Device:     dm2q (dm2q)
* Dynamic:    yes
* Custom ROM (SDK:36, Android 16)
* BP2A.250605.031.A3.S901EXXSCGYK2
* (S916BXXS8EYK2)
* Fingerprint: samsung/dm2qxxx/dm2q:13/TP1A.220624.014/S916BXXS8EYK2:user/release-keys
--------------------------
I:ROM Status: BP2A.250605.031.A3.S901EXXSCGYK2
Fresh OrangeFox installation - about to run the dm-verity/forced-encryption patches
I:OrangeFox: Disabling stock recovery [search-dir=/system_root/system]...
I:OrangeFox: checking /system_root/system ...
I:OrangeFox: checking /system ...
I:OrangeFox: checking /vendor ...
I:OrangeFox: skipping patching of boot image on device: dm2q
I:DEBUG [Fresh_Fox_Install()] - copying log to:/omr/OrangeFox/Fox/logs/post-install.log 
I:Themes version: 1.1
I:ADB & MTP disabled by maintainer
I:PassBak: Loaded backup
I:OrangeFox: Disabling stock recovery [search-dir=/system_root/system]...
I:OrangeFox: checking /system_root/system ...
I:Starting Adb Backup FIFO
I:OrangeFox: checking /system ...
I:OrangeFox: checking /vendor ...
I:PageManager::LoadFileToBuffer loading filename: '/twres/languages/en.xml' directly
parsing languageFile
parsing languageFile done
I:Translating partition display names
I:Backup folder set to '/data/media/0/Fox/BACKUPS/SM-S916B'
I:Switching packages (OrangeFox)
I:Set page: 'main'
I:Set page: 'welcome'
I:Set page: 'main'
I:operation_start: 'Start MTP'
I:Found idVendor file at '/config/usb_gadget/g1/idVendor'
I:Found idProduct file at '/config/usb_gadget/g1/idProduct'
I:sending message to add 65538 '/data/media/0' 'Internal Storage'
I:Message sent, add storage ID: 65538 '/data/media/0'
I:operation_end - status=0
I:Set overlay: ''
I:Set page: 'clear_vars'
I:Set page: 'navbar'
I:Set page: 'filemanagerlist'
I:operation_start: 'ADB'
I:[MTP] Starting MTP
I:operation_end - status=0
I:Set page: 'restore'
I:Set page: 'restore_prep'
I:[MTP] created new mtpserver object
I:[MTP] mtppipe add storage 65538 '/data/media/0'
I:Set page: 'wipe'
I:Set page: 'advanced'
I:Set page: 'confirm_action'
I:Set page: 'action_page'
I:operation_start: 'Copy Log'
